<?xml version="1.0" encoding="UTF-8"?>
<testsuite name="com.pollution.project.testController.LocationControllerTest" tests="19" skipped="0" failures="1" errors="0" timestamp="2025-09-12T09:49:52.670Z" hostname="Narains-Laptop.local" time="0.015">
  <properties/>
  <testcase name="testAddLocation_EmptyName()" classname="com.pollution.project.testController.LocationControllerTest" time="0.004"/>
  <testcase name="testRefreshLocation_NotFound()" classname="com.pollution.project.testController.LocationControllerTest" time="0.0"/>
  <testcase name="testGetLocationData_NotFound()" classname="com.pollution.project.testController.LocationControllerTest" time="0.0"/>
  <testcase name="testAddLocation_InvalidCoordinates()" classname="com.pollution.project.testController.LocationControllerTest" time="0.001"/>
  <testcase name="testGetLocationData_Valid()" classname="com.pollution.project.testController.LocationControllerTest" time="0.0"/>
  <testcase name="testGetSiteByCoords_Valid()" classname="com.pollution.project.testController.LocationControllerTest" time="0.001"/>
  <testcase name="testGetSiteByCoords_NoData()" classname="com.pollution.project.testController.LocationControllerTest" time="0.001"/>
  <testcase name="testDeleteLocation_NotFound()" classname="com.pollution.project.testController.LocationControllerTest" time="0.0"/>
  <testcase name="testRefreshLocation_Valid()" classname="com.pollution.project.testController.LocationControllerTest" time="0.0"/>
  <testcase name="testGetLocationStats_WithSnapshots()" classname="com.pollution.project.testController.LocationControllerTest" time="0.002"/>
  <testcase name="testAddLocation_NullName()" classname="com.pollution.project.testController.LocationControllerTest" time="0.001"/>
  <testcase name="testAddLocation_Valid()" classname="com.pollution.project.testController.LocationControllerTest" time="0.0"/>
  <testcase name="testRefreshLocation_NoAQData()" classname="com.pollution.project.testController.LocationControllerTest" time="0.0"/>
  <testcase name="testGetLocationData_NoAQData()" classname="com.pollution.project.testController.LocationControllerTest" time="0.0">
    <failure message="java.lang.NullPointerException" type="java.lang.NullPointerException">java.lang.NullPointerException
	at java.base/java.util.Objects.requireNonNull(Objects.java:233)
	at java.base/java.util.ImmutableCollections$MapN.&lt;init&gt;(ImmutableCollections.java:1193)
	at java.base/java.util.Map.of(Map.java:1385)
	at com.pollution.project.testController.DummyLocationController.getLocationData(DummyLocationController.java:59)
	at com.pollution.project.testController.LocationControllerTest.testGetLocationData_NoAQData(LocationControllerTest.java:91)
	at java.base/java.lang.reflect.Method.invoke(Method.java:580)
	at java.base/java.util.ArrayList.forEach(ArrayList.java:1596)
	at java.base/java.util.ArrayList.forEach(ArrayList.java:1596)
</failure>
  </testcase>
  <testcase name="testDeleteAllLocations()" classname="com.pollution.project.testController.LocationControllerTest" time="0.001"/>
  <testcase name="testGetLocation_NoSnapshots()" classname="com.pollution.project.testController.LocationControllerTest" time="0.0"/>
  <testcase name="testGetLocationStats_NotFound()" classname="com.pollution.project.testController.LocationControllerTest" time="0.001"/>
  <testcase name="testAddLocation_InvalidLongitude()" classname="com.pollution.project.testController.LocationControllerTest" time="0.0"/>
  <testcase name="testDeleteLocation_Valid()" classname="com.pollution.project.testController.LocationControllerTest" time="0.0"/>
  <system-out><![CDATA[2025-09-12T10:49:52.672+01:00  WARN 48932 --- [Pollution project] [    Test worker] c.p.p.t.DummyLocationController          : Attempted to add location with null or empty name
2025-09-12T10:49:52.676+01:00  WARN 48932 --- [Pollution project] [    Test worker] c.p.p.t.DummyLocationController          : Attempted to refresh non-existent location with id 999
2025-09-12T10:49:52.676+01:00  WARN 48932 --- [Pollution project] [    Test worker] c.p.p.t.DummyLocationController          : Location with id 999 not found
2025-09-12T10:49:52.677+01:00  WARN 48932 --- [Pollution project] [    Test worker] c.p.p.t.DummyLocationController          : Attempted to add location with invalid latitude or longitude
2025-09-12T10:49:52.678+01:00  WARN 48932 --- [Pollution project] [    Test worker] c.p.p.t.DummyLocationController          : No air quality data found for coordinates (51.5, 0.1)
2025-09-12T10:49:52.679+01:00  WARN 48932 --- [Pollution project] [    Test worker] c.p.p.t.DummyLocationController          : Attempted to delete non-existent location with id 999
2025-09-12T10:49:52.683+01:00  WARN 48932 --- [Pollution project] [    Test worker] c.p.p.t.DummyLocationController          : Attempted to add location with null or empty name
2025-09-12T10:49:52.683+01:00  WARN 48932 --- [Pollution project] [    Test worker] c.p.p.t.DummyLocationController          : No air quality data found for location id 1
2025-09-12T10:49:52.684+01:00  WARN 48932 --- [Pollution project] [    Test worker] c.p.p.t.DummyLocationController          : No air quality data found for location id 1
2025-09-12T10:49:52.684+01:00  WARN 48932 --- [Pollution project] [    Test worker] c.p.p.t.DummyLocationController          : Location with id 1 not found
2025-09-12T10:49:52.685+01:00  WARN 48932 --- [Pollution project] [    Test worker] c.p.p.t.DummyLocationController          : Location with id 2 not found
2025-09-12T10:49:52.685+01:00  WARN 48932 --- [Pollution project] [    Test worker] c.p.p.t.DummyLocationController          : No snapshots found for location id 1
2025-09-12T10:49:52.685+01:00  WARN 48932 --- [Pollution project] [    Test worker] c.p.p.t.DummyLocationController          : Attempted to get stats for non-existent location with id 999
2025-09-12T10:49:52.686+01:00  WARN 48932 --- [Pollution project] [    Test worker] c.p.p.t.DummyLocationController          : Attempted to add location with invalid latitude or longitude
]]></system-out>
  <system-err><![CDATA[]]></system-err>
</testsuite>
