<?xml version="1.0" encoding="UTF-8"?>
<testsuite name="com.pollution.project.PollutionProjectApplicationTests" tests="1" skipped="0" failures="0" errors="0" timestamp="2025-09-14T16:50:07.689Z" hostname="Narains-Laptop.local" time="0.307">
  <properties/>
  <testcase name="contextLoads()" classname="com.pollution.project.PollutionProjectApplicationTests" time="0.307"/>
  <system-out><![CDATA[17:50:04.526 [Test worker] INFO org.springframework.test.context.support.AnnotationConfigContextLoaderUtils -- Could not detect default configuration classes for test class [com.pollution.project.PollutionProjectApplicationTests]: PollutionProjectApplicationTests does not declare any static, non-private, non-final, nested classes annotated with @Configuration.
17:50:04.570 [Test worker] INFO org.springframework.boot.test.context.SpringBootTestContextBootstrapper -- Found @SpringBootConfiguration com.pollution.project.PollutionProjectApplication for test class com.pollution.project.PollutionProjectApplicationTests

  .   ____          _            __ _ _
 /\\ / ___'_ __ _ _(_)_ __  __ _ \ \ \ \
( ( )\___ | '_ | '_| | '_ \/ _` | \ \ \ \
 \\/  ___)| |_)| | | | | || (_| |  ) ) ) )
  '  |____| .__|_| |_|_| |_\__, | / / / /
 =========|_|==============|___/=/_/_/_/

 :: Spring Boot ::                (v3.3.4)

2025-09-14T17:50:04.716+01:00  INFO 27973 --- [Pollution project] [    Test worker] c.p.p.PollutionProjectApplicationTests   : Starting PollutionProjectApplicationTests using Java 21.0.5 with PID 27973 (started by narainusesamacbook in /Users/narainusesamacbook/Desktop/LDNPROJECT/LDN-Pollution-Tracker-1/LDNPROJECT)
2025-09-14T17:50:04.717+01:00  INFO 27973 --- [Pollution project] [    Test worker] c.p.p.PollutionProjectApplicationTests   : No active profile set, falling back to 1 default profile: "default"
2025-09-14T17:50:04.982+01:00  INFO 27973 --- [Pollution project] [    Test worker] .s.d.r.c.RepositoryConfigurationDelegate : Bootstrapping Spring Data JPA repositories in DEFAULT mode.
2025-09-14T17:50:05.007+01:00  INFO 27973 --- [Pollution project] [    Test worker] .s.d.r.c.RepositoryConfigurationDelegate : Finished Spring Data repository scanning in 22 ms. Found 3 JPA repository interfaces.
2025-09-14T17:50:05.257+01:00  INFO 27973 --- [Pollution project] [    Test worker] o.hibernate.jpa.internal.util.LogHelper  : HHH000204: Processing PersistenceUnitInfo [name: default]
2025-09-14T17:50:05.276+01:00  INFO 27973 --- [Pollution project] [    Test worker] org.hibernate.Version                    : HHH000412: Hibernate ORM core version 6.5.3.Final
2025-09-14T17:50:05.290+01:00  INFO 27973 --- [Pollution project] [    Test worker] o.h.c.internal.RegionFactoryInitiator    : HHH000026: Second-level cache disabled
2025-09-14T17:50:05.420+01:00  INFO 27973 --- [Pollution project] [    Test worker] o.s.o.j.p.SpringPersistenceUnitInfo      : No LoadTimeWeaver setup: ignoring JPA class transformer
2025-09-14T17:50:05.431+01:00  INFO 27973 --- [Pollution project] [    Test worker] com.zaxxer.hikari.HikariDataSource       : HikariPool-1 - Starting...
2025-09-14T17:50:05.917+01:00  INFO 27973 --- [Pollution project] [    Test worker] com.zaxxer.hikari.pool.HikariPool        : HikariPool-1 - Added connection org.postgresql.jdbc.PgConnection@6cc8c13c
2025-09-14T17:50:05.918+01:00  INFO 27973 --- [Pollution project] [    Test worker] com.zaxxer.hikari.HikariDataSource       : HikariPool-1 - Start completed.
2025-09-14T17:50:05.987+01:00  WARN 27973 --- [Pollution project] [    Test worker] org.hibernate.orm.deprecation            : HHH90000025: PostgreSQLDialect does not need to be specified explicitly using 'hibernate.dialect' (remove the property setting and it will be selected by default)
2025-09-14T17:50:06.692+01:00  INFO 27973 --- [Pollution project] [    Test worker] o.h.e.t.j.p.i.JtaPlatformInitiator       : HHH000489: No JTA platform available (set 'hibernate.transaction.jta.platform' to enable JTA platform integration)
2025-09-14T17:50:06.948+01:00  INFO 27973 --- [Pollution project] [    Test worker] j.LocalContainerEntityManagerFactoryBean : Initialized JPA EntityManagerFactory for persistence unit 'default'
2025-09-14T17:50:07.153+01:00  INFO 27973 --- [Pollution project] [    Test worker] o.s.d.j.r.query.QueryEnhancerFactory     : Hibernate is in classpath; If applicable, HQL parser will be used.
LocationController initialized!
2025-09-14T17:50:07.394+01:00  WARN 27973 --- [Pollution project] [    Test worker] JpaBaseConfiguration$JpaWebConfiguration : spring.jpa.open-in-view is enabled by default. Therefore, database queries may be performed during view rendering. Explicitly configure spring.jpa.open-in-view to disable this warning
2025-09-14T17:50:07.408+01:00  INFO 27973 --- [Pollution project] [    Test worker] r$InitializeUserDetailsManagerConfigurer : Global AuthenticationManager configured with UserDetailsService bean with name pollutionUserDetailsService
2025-09-14T17:50:07.682+01:00  INFO 27973 --- [Pollution project] [    Test worker] c.p.p.PollutionProjectApplicationTests   : Started PollutionProjectApplicationTests in 3.058 seconds (process running for 3.671)
]]></system-out>
  <system-err><![CDATA[WARNING: A Java agent has been loaded dynamically (/Users/narainusesamacbook/.gradle/caches/modules-2/files-2.1/net.bytebuddy/byte-buddy-agent/1.14.19/154da3a65b4f4a909d3e5bdec55d1b2b4cbb6ce1/byte-buddy-agent-1.14.19.jar)
WARNING: If a serviceability tool is in use, please run with -XX:+EnableDynamicAgentLoading to hide this warning
WARNING: If a serviceability tool is not in use, please run with -Djdk.instrument.traceUsage for more information
WARNING: Dynamic loading of agents will be disallowed by default in a future release
]]></system-err>
</testsuite>
