<?xml version="1.0" encoding="UTF-8"?>
<testsuite name="com.pollution.project.service.SiteCodeResolverTest" tests="34" skipped="0" failures="0" errors="0" timestamp="2025-09-14T23:42:14.940Z" hostname="Narains-Laptop.local" time="0.812">
  <properties/>
  <testcase name="testGetIndex_SpeciesNotFound()" classname="com.pollution.project.service.SiteCodeResolverTest" time="0.597"/>
  <testcase name="testLookupSiteCode_TrimInput()" classname="com.pollution.project.service.SiteCodeResolverTest" time="0.003"/>
  <testcase name="testGetIndex_ValidSpecies()" classname="com.pollution.project.service.SiteCodeResolverTest" time="0.002"/>
  <testcase name="testRefreshSiteTrie_SuccessfulUpdate()" classname="com.pollution.project.service.SiteCodeResolverTest" time="0.109"/>
  <testcase name="testGetIndex_InvalidIndexValue()" classname="com.pollution.project.service.SiteCodeResolverTest" time="0.002"/>
  <testcase name="testLookupSiteCode_SubstringNotPrefix()" classname="com.pollution.project.service.SiteCodeResolverTest" time="0.002"/>
  <testcase name="testAssignSiteCode_BothFail()" classname="com.pollution.project.service.SiteCodeResolverTest" time="0.005"/>
  <testcase name="testRefreshLocationData_SnapshotSaved()" classname="com.pollution.project.service.SiteCodeResolverTest" time="0.013"/>
  <testcase name="testCalculateSiteCode_NoSitesReturned()" classname="com.pollution.project.service.SiteCodeResolverTest" time="0.002"/>
  <testcase name="testLookupSiteCode_SuggestionWithoutSiteCode()" classname="com.pollution.project.service.SiteCodeResolverTest" time="0.002"/>
  <testcase name="testGetSiteTrie_SubsequentCallsReturnSameInstance()" classname="com.pollution.project.service.SiteCodeResolverTest" time="0.007"/>
  <testcase name="testAssignSiteCode_FallbackToCalculate()" classname="com.pollution.project.service.SiteCodeResolverTest" time="0.022"/>
  <testcase name="testCalculateSiteCode_EmptySitesArray()" classname="com.pollution.project.service.SiteCodeResolverTest" time="0.002"/>
  <testcase name="testLookupSiteCode_NullInput()" classname="com.pollution.project.service.SiteCodeResolverTest" time="0.001"/>
  <testcase name="testLookupSiteCode_ExactMatch()" classname="com.pollution.project.service.SiteCodeResolverTest" time="0.001"/>
  <testcase name="testLookupSiteCode_MultipleSuggestions()" classname="com.pollution.project.service.SiteCodeResolverTest" time="0.001"/>
  <testcase name="testCalculateSiteCode_InvalidCoordinatesSkipped()" classname="com.pollution.project.service.SiteCodeResolverTest" time="0.002"/>
  <testcase name="testRefreshLocationData_NoAirQualityData()" classname="com.pollution.project.service.SiteCodeResolverTest" time="0.002"/>
  <testcase name="testLookupSiteCode_NotFound()" classname="com.pollution.project.service.SiteCodeResolverTest" time="0.0"/>
  <testcase name="testLookupSiteCode_CaseInsensitive()" classname="com.pollution.project.service.SiteCodeResolverTest" time="0.0"/>
  <testcase name="testGetSiteTrie_FirstCallPopulatesTrie()" classname="com.pollution.project.service.SiteCodeResolverTest" time="0.002"/>
  <testcase name="testRefreshSiteTrie_ReplacesOldTrie()" classname="com.pollution.project.service.SiteCodeResolverTest" time="0.002"/>
  <testcase name="testRefreshSiteTrie_ApiThrowsException()" classname="com.pollution.project.service.SiteCodeResolverTest" time="0.002"/>
  <testcase name="testGetSiteCode_Found()" classname="com.pollution.project.service.SiteCodeResolverTest" time="0.001"/>
  <testcase name="testGetSiteCode_NotFound()" classname="com.pollution.project.service.SiteCodeResolverTest" time="0.001"/>
  <testcase name="testPopulateLocationData_InvalidIndex()" classname="com.pollution.project.service.SiteCodeResolverTest" time="0.004"/>
  <testcase name="getSiteTrie_ShouldReturnNonNullTrie()" classname="com.pollution.project.service.SiteCodeResolverTest" time="0.001"/>
  <testcase name="testPopulateLocationData_ValidResponse()" classname="com.pollution.project.service.SiteCodeResolverTest" time="0.003"/>
  <testcase name="testCalculateSiteCode_NearestSiteReturned()" classname="com.pollution.project.service.SiteCodeResolverTest" time="0.002"/>
  <testcase name="testLookupSiteCode_EmptyInput()" classname="com.pollution.project.service.SiteCodeResolverTest" time="0.001"/>
  <testcase name="testPopulateLocationData_ReturnNull()" classname="com.pollution.project.service.SiteCodeResolverTest" time="0.001"/>
  <testcase name="testAssignSiteCode_InputMatchesSite()" classname="com.pollution.project.service.SiteCodeResolverTest" time="0.001"/>
  <testcase name="testLookupSiteCode_SpecialCharacters()" classname="com.pollution.project.service.SiteCodeResolverTest" time="0.001"/>
  <testcase name="testLookupSiteCode_SuggestionUsed()" classname="com.pollution.project.service.SiteCodeResolverTest" time="0.0"/>
  <system-out><![CDATA[00:42:15.548 [Test worker] INFO com.pollution.project.service.SiteCodeResolverTest -- Created MonitoringSite: com.pollution.dto.MonitoringSite@74170687
00:42:15.551 [Test worker] INFO com.pollution.project.service.SiteCodeResolverTest -- Created MonitoringSite: com.pollution.dto.MonitoringSite@3aa41da1
00:42:15.551 [Test worker] INFO com.pollution.project.service.SiteCodeResolverTest -- New MonitoringSites array: [com.pollution.dto.MonitoringSite@74170687, com.pollution.dto.MonitoringSite@3aa41da1]
00:42:15.551 [Test worker] INFO com.pollution.project.service.SiteCodeResolverTest -- MonitoringSiteResponse to be returned by mock: com.pollution.dto.MonitoringSiteResponse@272ce069
00:42:15.570 [Test worker] INFO com.pollution.project.service.SiteCodeResolver -- Raw API response for monitoring sites: {
    "Sites": {
        "Site":
        [
            {"@SiteName":"Site A","@SiteCode":"SA1"},
            {"@SiteName":"Site B","@SiteCode":"SB2"}
        ]
    }
}
...
00:42:15.652 [Test worker] INFO com.pollution.project.service.SiteCodeResolver -- Site trie refreshed successfully, with 2 sites.
00:42:15.653 [Test worker] INFO com.pollution.project.service.SiteCodeResolverTest -- Site trie after refresh: com.pollution.dto.Trie@33379242
00:42:15.661 [Test worker] INFO com.pollution.project.service.SiteCodeResolverTest -- Testing assignSiteCode with location: Location{id=null, name='null', latitude=51.5, longitude=0.1, airQualityData=null}
00:42:15.663 [Test worker] INFO com.pollution.project.service.SiteCodeResolver -- Raw API response for monitoring sites: {
    "Sites": {
        "Site": []
    }
}
...
00:42:15.667 [Test worker] INFO com.pollution.project.service.SiteCodeResolver -- Starting populateLocationData for userInput: null, location before assignSiteCode: Location{id=null, name='null', latitude=51.5, longitude=0.1, airQualityData=null}
00:42:15.667 [Test worker] INFO com.pollution.project.service.SiteCodeResolver -- Raw API response for monitoring sites:     {
        "Sites": {
            "Site": [
                {"@SiteName": "Site A", "@SiteCode": "SA1", "@Latitude":"51.5", "@Longitude":"0.1"}
            ]
        }
    }
...
00:42:15.668 [Test worker] INFO com.pollution.project.service.SiteCodeResolver -- calculateSiteCode: got 1 sites from API
00:42:15.669 [Test worker] INFO com.pollution.project.service.SiteCodeResolver -- calculateSiteCode: nearest site code = SA1
00:42:15.669 [Test worker] INFO com.pollution.project.service.SiteCodeResolver -- After assignSiteCode, location: Location{id=null, name='null', latitude=51.5, longitude=0.1, airQualityData=null}
00:42:15.669 [Test worker] INFO com.pollution.project.service.SiteCodeResolver -- Fetching air quality data from URL: https://api.erg.ic.ac.uk/AirQuality/Hourly/MonitoringIndex/SiteCode=SA1/Json
00:42:15.669 [Test worker] INFO com.pollution.project.service.SiteCodeResolver -- Raw API response for siteCode SA1: {
    "HourlyAirQualityIndex": {
        "LocalAuthority": {
        "@LocalAuthorityName": "Dummy Authority",
        "@LocalAuthorityCode": "99",
        "@LaCentreLatitude": "51.5",
        "@LaCentreLongitude": "0.1",
            "Site": {
                "@Latitude": "51.5",
                "@Longitude": "0.1",
                "@SiteCode": "SA1",
                "@SiteName": "Site A",
                "@BulletinDate": "2025-09-10 12:00:00",
                "species": [
                    {
                        "@SpeciesCode": "PM25",
                        "@SpeciesName": "PM25",
                        "@AirQualityIndex": "5",
                        "@AirQualityBand": "Moderate",
                        "@IndexSource": "Automated"
                    },
                    {
                        "@SpeciesCode": "NO2",
                        "@SpeciesName": "NO2",
                        "@AirQualityIndex": "3",
                        "@AirQualityBand": "Low",
                        "@IndexSource": "Automated"
                    }
                ]
            }
        }
    }
}

00:42:15.674 [Test worker] INFO com.pollution.project.service.SiteCodeResolver -- Fetched site data: com.pollution.dto.HourlyIndexResponse$Site@2954f6ab
00:42:15.674 [Test worker] INFO com.pollution.project.service.SiteCodeResolver -- Species list: [com.pollution.dto.HourlyIndexResponse$Species@58fbd02e, com.pollution.dto.HourlyIndexResponse$Species@163042ea]
00:42:15.676 [Test worker] INFO com.pollution.project.service.SiteCodeResolver -- Populated AirQualityData: AirQualityData{pm25=5.0, pm10=null, no2=3.0, so2=null, o3=null, co=null, timestamp=2025-09-10T12:00}
00:42:15.677 [Test worker] INFO com.pollution.project.service.SiteCodeResolver -- Location after population: Location{id=null, name='Site A', latitude=51.5, longitude=0.1, airQualityData=AirQualityData{pm25=5.0, pm10=null, no2=3.0, so2=null, o3=null, co=null, timestamp=2025-09-10T12:00}}
00:42:15.679 [Test worker] INFO com.pollution.project.service.SiteCodeResolverTest -- Stubbed restTemplate to return empty response
00:42:15.680 [Test worker] INFO com.pollution.project.service.SiteCodeResolver -- Raw API response for monitoring sites: {
    "Sites": {
        "Site": null
    }
}
...
00:42:15.681 [Test worker] INFO com.pollution.project.service.SiteCodeResolverTest -- Nearest code calculated: null
00:42:15.690 [Test worker] INFO com.pollution.project.service.SiteCodeResolver -- Raw API response for monitoring sites: {
    "Sites": {
        "Site": [
            {"@SiteName":"Site One","@SiteCode":"S1"},
            {"@SiteName":"Site Two","@SiteCode":"S2"}
        ]
    }
}
...
00:42:15.691 [Test worker] INFO com.pollution.project.service.SiteCodeResolver -- Loaded 2 monitoring sites into trie.
00:42:15.712 [Test worker] INFO com.pollution.project.service.SiteCodeResolver -- Raw API response for monitoring sites: {
    "Sites": {
        "Site": [
            {"@SiteName":"Dummy name","@Latitude":"51.5","@Longitude":"0.1","@SiteCode":"S2"}
        ]
    }
}
...
00:42:15.713 [Test worker] INFO com.pollution.project.service.SiteCodeResolver -- calculateSiteCode: got 1 sites from API
00:42:15.713 [Test worker] INFO com.pollution.project.service.SiteCodeResolver -- calculateSiteCode: nearest site code = S2
00:42:15.715 [Test worker] INFO com.pollution.project.service.SiteCodeResolver -- Raw API response for monitoring sites: {
    "Sites": {
        "Site": []
    }
}
...
00:42:15.721 [Test worker] INFO com.pollution.project.service.SiteCodeResolver -- Raw API response for monitoring sites: {
    "Sites": {
        "Site": [
            {"@SiteName":"A","@SiteCode":"A","@Latitude":"not-a-number","@Longitude":"0.100"},
            {"@SiteName":"B","@SiteCode":"B","@Latitude":"51.500","@Longitude":"0.100"}
        ]
    }
}
...
00:42:15.722 [Test worker] INFO com.pollution.project.service.SiteCodeResolver -- calculateSiteCode: got 2 sites from API
00:42:15.722 [Test worker] WARN com.pollution.project.service.SiteCodeResolver -- Skipping site A due to invalid coords
00:42:15.722 [Test worker] INFO com.pollution.project.service.SiteCodeResolver -- calculateSiteCode: nearest site code = B
00:42:15.723 [Test worker] INFO com.pollution.project.service.SiteCodeResolver -- Starting populateLocationData for userInput: null, location before assignSiteCode: Location{id=null, name='null', latitude=51.5, longitude=0.1, airQualityData=null}
00:42:15.724 [Test worker] INFO com.pollution.project.service.SiteCodeResolver -- Raw API response for monitoring sites: {
    "Sites": {
        "Site": []
    }
}
...
00:42:15.724 [Test worker] INFO com.pollution.project.service.SiteCodeResolver -- After assignSiteCode, location: Location{id=null, name='null', latitude=51.5, longitude=0.1, airQualityData=null}
00:42:15.724 [Test worker] WARN com.pollution.project.service.SiteCodeResolver -- Site code is null after assignSiteCode, returning early
00:42:15.728 [Test worker] INFO com.pollution.project.service.SiteCodeResolver -- Raw API response for monitoring sites: {
    "Sites": {
        "Site": [
            {"@SiteName":"Site One","@SiteCode":"S1"},
            {"@SiteName":"Site Two","@SiteCode":"S2"}
        ]
    }
}
...
00:42:15.729 [Test worker] INFO com.pollution.project.service.SiteCodeResolver -- Loaded 2 monitoring sites into trie.
00:42:15.729 [Test worker] INFO com.pollution.project.service.SiteCodeResolverTest -- Retrieved Trie: com.pollution.dto.Trie@235b4cb8
00:42:15.729 [Test worker] INFO com.pollution.project.service.SiteCodeResolverTest -- Result for 'Site One': S1
00:42:15.729 [Test worker] INFO com.pollution.project.service.SiteCodeResolverTest -- Result for 'Site Two': S2
00:42:15.730 [Test worker] INFO com.pollution.project.service.SiteCodeResolver -- Raw API response for monitoring sites: {
    "Sites": {
        "Site": [
            {"@SiteName":"Fresh Site","@SiteCode":"FS1"}
        ]
    }
}
...
00:42:15.731 [Test worker] INFO com.pollution.project.service.SiteCodeResolver -- Site trie refreshed successfully, with 1 sites.
00:42:15.733 [Test worker] ERROR com.pollution.project.service.SiteCodeResolver -- Error fetching monitoring sites: API down
00:42:15.737 [Test worker] INFO com.pollution.project.service.SiteCodeResolver -- Starting populateLocationData for userInput: Dummy Location, location before assignSiteCode: Location{id=1, name='Dummy Location', latitude=51.0, longitude=0.0, airQualityData=null}
00:42:15.737 [Test worker] INFO com.pollution.project.service.SiteCodeResolver -- After assignSiteCode, location: Location{id=1, name='Dummy Location', latitude=51.0, longitude=0.0, airQualityData=null}
00:42:15.737 [Test worker] INFO com.pollution.project.service.SiteCodeResolver -- Fetching air quality data from URL: https://api.erg.ic.ac.uk/AirQuality/Hourly/MonitoringIndex/SiteCode=DUMMY1/Json
00:42:15.737 [Test worker] INFO com.pollution.project.service.SiteCodeResolver -- Raw API response for siteCode DUMMY1: {
    "HourlyAirQualityIndex": {
        "LocalAuthority": {
            "@LocalAuthorityName": "Dummy Authority",
            "@LocalAuthorityCode": "99",
            "@LaCentreLatitude": "51.000",
            "@LaCentreLongitude": "0.000",
            "Site": {
                "@Latitude": "51.000",
                "@Longitude": "0.000",
                "@SiteCode": "DUMMY1",
                "@SiteName": "Dummy Location",
                "@BulletinDate": "2025-09-10 12:00:00",
                "species": [
                    {
                        "@SpeciesCode": "PM25",
                        "@SpeciesName": "PM25",
                        "@AirQualityIndex": "N/A",
                        "@AirQualityBand": "Moderate",
                        "@IndexSource": "Automated"
                    }
                ]
            }
        }
    }
}

00:42:15.739 [Test worker] INFO com.pollution.project.service.SiteCodeResolver -- Fetched site data: com.pollution.dto.HourlyIndexResponse$Site@41ef1ea2
00:42:15.739 [Test worker] INFO com.pollution.project.service.SiteCodeResolver -- Species list: [com.pollution.dto.HourlyIndexResponse$Species@5dfe23e8]
00:42:15.740 [Test worker] INFO com.pollution.project.service.SiteCodeResolver -- Populated AirQualityData: AirQualityData{pm25=null, pm10=null, no2=null, so2=null, o3=null, co=null, timestamp=2025-09-10T12:00}
00:42:15.740 [Test worker] INFO com.pollution.project.service.SiteCodeResolver -- Location after population: Location{id=1, name='Dummy Location', latitude=51.0, longitude=0.0, airQualityData=AirQualityData{pm25=null, pm10=null, no2=null, so2=null, o3=null, co=null, timestamp=2025-09-10T12:00}}
00:42:15.742 [Test worker] INFO com.pollution.project.service.SiteCodeResolver -- Starting populateLocationData for userInput: Dummy Location, location before assignSiteCode: Location{id=1, name='Dummy Location', latitude=51.0, longitude=0.0, airQualityData=null}
00:42:15.743 [Test worker] INFO com.pollution.project.service.SiteCodeResolver -- After assignSiteCode, location: Location{id=1, name='Dummy Location', latitude=51.0, longitude=0.0, airQualityData=null}
00:42:15.743 [Test worker] INFO com.pollution.project.service.SiteCodeResolver -- Fetching air quality data from URL: https://api.erg.ic.ac.uk/AirQuality/Hourly/MonitoringIndex/SiteCode=DUMMY1/Json
00:42:15.743 [Test worker] INFO com.pollution.project.service.SiteCodeResolver -- Raw API response for siteCode DUMMY1: {
    "HourlyAirQualityIndex": {
        "LocalAuthority": {
            "@LocalAuthorityName": "Dummy Authority",
            "@LocalAuthorityCode": "99",
            "@LaCentreLatitude": "51.000",
            "@LaCentreLongitude": "0.000",
            "Site": {
                "@Latitude": "51.000",
                "@Longitude": "0.000",
                "@SiteCode": "DUMMY1",
                "@SiteName": "Dummy Location",
                "@BulletinDate": "2025-09-10 12:00:00",
                "species": [
                    {
                        "@SpeciesCode": "PM25",
                        "@SpeciesName": "PM25",
                        "@AirQualityIndex": "5",
                        "@AirQualityBand": "Moderate",
                        "@IndexSource": "Automated"
                    },
                    {
                        "@SpeciesCode": "NO2",
                        "@SpeciesName": "NO2",
                        "@AirQualityIndex": "3",
                        "@AirQualityBand": "Low",
                        "@IndexSource": "Automated"
                    }
                ]
            }
        }
    }
}

00:42:15.744 [Test worker] INFO com.pollution.project.service.SiteCodeResolver -- Fetched site data: com.pollution.dto.HourlyIndexResponse$Site@3a401749
00:42:15.744 [Test worker] INFO com.pollution.project.service.SiteCodeResolver -- Species list: [com.pollution.dto.HourlyIndexResponse$Species@7793ad58, com.pollution.dto.HourlyIndexResponse$Species@27e2287c]
00:42:15.745 [Test worker] INFO com.pollution.project.service.SiteCodeResolver -- Populated AirQualityData: AirQualityData{pm25=5.0, pm10=null, no2=3.0, so2=null, o3=null, co=null, timestamp=2025-09-10T12:00}
00:42:15.745 [Test worker] INFO com.pollution.project.service.SiteCodeResolver -- Location after population: Location{id=1, name='Dummy Location', latitude=51.0, longitude=0.0, airQualityData=AirQualityData{pm25=5.0, pm10=null, no2=3.0, so2=null, o3=null, co=null, timestamp=2025-09-10T12:00}}
00:42:15.746 [Test worker] INFO com.pollution.project.service.SiteCodeResolver -- Raw API response for monitoring sites: {
    "Sites": {
        "Site": [
            {"@SiteName":"A","@Latitude":"51.500","@Longitude":"0.100","@SiteCode":"A"},
            {"@SiteName":"B","@Latitude":"52.000","@Longitude":"0.200","@SiteCode":"B"}
        ]
    }
}
...
00:42:15.747 [Test worker] INFO com.pollution.project.service.SiteCodeResolver -- calculateSiteCode: got 2 sites from API
00:42:15.747 [Test worker] INFO com.pollution.project.service.SiteCodeResolver -- calculateSiteCode: nearest site code = A
00:42:15.750 [Test worker] INFO com.pollution.project.service.SiteCodeResolver -- Starting populateLocationData for userInput: Dummy Location, location before assignSiteCode: Location{id=null, name='Dummy Location', latitude=51.0, longitude=0.0, airQualityData=null}
00:42:15.750 [Test worker] INFO com.pollution.project.service.SiteCodeResolver -- After assignSiteCode, location: Location{id=null, name='Dummy Location', latitude=51.0, longitude=0.0, airQualityData=null}
00:42:15.750 [Test worker] WARN com.pollution.project.service.SiteCodeResolver -- Site code is null after assignSiteCode, returning early
00:42:15.753 [Test worker] INFO com.pollution.project.service.SiteCodeResolverTest -- Inserted 'Bexley West' with code 'BQ8' into trie.
]]></system-out>
  <system-err><![CDATA[WARNING: A Java agent has been loaded dynamically (/Users/narainusesamacbook/.gradle/caches/modules-2/files-2.1/net.bytebuddy/byte-buddy-agent/1.14.19/154da3a65b4f4a909d3e5bdec55d1b2b4cbb6ce1/byte-buddy-agent-1.14.19.jar)
WARNING: If a serviceability tool is in use, please run with -XX:+EnableDynamicAgentLoading to hide this warning
WARNING: If a serviceability tool is not in use, please run with -Djdk.instrument.traceUsage for more information
WARNING: Dynamic loading of agents will be disallowed by default in a future release
]]></system-err>
</testsuite>
