<?xml version="1.0" encoding="UTF-8"?>
<testsuite name="com.pollution.project.PollutionProjectApplicationTests" tests="1" skipped="0" failures="0" errors="0" timestamp="2025-09-11T20:59:25.304Z" hostname="Narains-Laptop.local" time="0.005">
  <properties/>
  <testcase name="contextLoads()" classname="com.pollution.project.PollutionProjectApplicationTests" time="0.005"/>
  <system-out><![CDATA[21:59:22.876 [Test worker] INFO org.springframework.test.context.support.AnnotationConfigContextLoaderUtils -- Could not detect default configuration classes for test class [com.pollution.project.PollutionProjectApplicationTests]: PollutionProjectApplicationTests does not declare any static, non-private, non-final, nested classes annotated with @Configuration.
21:59:22.926 [Test worker] INFO org.springframework.boot.test.context.SpringBootTestContextBootstrapper -- Found @SpringBootConfiguration com.pollution.project.PollutionProjectApplication for test class com.pollution.project.PollutionProjectApplicationTests

  .   ____          _            __ _ _
 /\\ / ___'_ __ _ _(_)_ __  __ _ \ \ \ \
( ( )\___ | '_ | '_| | '_ \/ _` | \ \ \ \
 \\/  ___)| |_)| | | | | || (_| |  ) ) ) )
  '  |____| .__|_| |_|_| |_\__, | / / / /
 =========|_|==============|___/=/_/_/_/

 :: Spring Boot ::                (v3.3.4)

2025-09-11T21:59:23.101+01:00  INFO 20565 --- [Pollution project] [    Test worker] c.p.p.PollutionProjectApplicationTests   : Starting PollutionProjectApplicationTests using Java 21.0.5 with PID 20565 (started by narainusesamacbook in /Users/narainusesamacbook/Desktop/LDNPROJECT/LDN-Pollution-Tracker-1/LDNPROJECT)
2025-09-11T21:59:23.102+01:00  INFO 20565 --- [Pollution project] [    Test worker] c.p.p.PollutionProjectApplicationTests   : No active profile set, falling back to 1 default profile: "default"
2025-09-11T21:59:23.357+01:00  INFO 20565 --- [Pollution project] [    Test worker] .s.d.r.c.RepositoryConfigurationDelegate : Bootstrapping Spring Data JPA repositories in DEFAULT mode.
2025-09-11T21:59:23.378+01:00  INFO 20565 --- [Pollution project] [    Test worker] .s.d.r.c.RepositoryConfigurationDelegate : Finished Spring Data repository scanning in 18 ms. Found 3 JPA repository interfaces.
2025-09-11T21:59:23.578+01:00  INFO 20565 --- [Pollution project] [    Test worker] o.hibernate.jpa.internal.util.LogHelper  : HHH000204: Processing PersistenceUnitInfo [name: default]
2025-09-11T21:59:23.610+01:00  INFO 20565 --- [Pollution project] [    Test worker] org.hibernate.Version                    : HHH000412: Hibernate ORM core version 6.5.3.Final
2025-09-11T21:59:23.625+01:00  INFO 20565 --- [Pollution project] [    Test worker] o.h.c.internal.RegionFactoryInitiator    : HHH000026: Second-level cache disabled
2025-09-11T21:59:23.682+01:00  INFO 20565 --- [Pollution project] [    Test worker] o.s.o.j.p.SpringPersistenceUnitInfo      : No LoadTimeWeaver setup: ignoring JPA class transformer
2025-09-11T21:59:23.694+01:00  INFO 20565 --- [Pollution project] [    Test worker] com.zaxxer.hikari.HikariDataSource       : HikariPool-1 - Starting...
2025-09-11T21:59:23.836+01:00  INFO 20565 --- [Pollution project] [    Test worker] com.zaxxer.hikari.pool.HikariPool        : HikariPool-1 - Added connection org.postgresql.jdbc.PgConnection@749ffdc7
2025-09-11T21:59:23.837+01:00  INFO 20565 --- [Pollution project] [    Test worker] com.zaxxer.hikari.HikariDataSource       : HikariPool-1 - Start completed.
2025-09-11T21:59:23.891+01:00  WARN 20565 --- [Pollution project] [    Test worker] org.hibernate.orm.deprecation            : HHH90000025: PostgreSQLDialect does not need to be specified explicitly using 'hibernate.dialect' (remove the property setting and it will be selected by default)
2025-09-11T21:59:24.504+01:00  INFO 20565 --- [Pollution project] [    Test worker] o.h.e.t.j.p.i.JtaPlatformInitiator       : HHH000489: No JTA platform available (set 'hibernate.transaction.jta.platform' to enable JTA platform integration)
2025-09-11T21:59:24.599+01:00  INFO 20565 --- [Pollution project] [    Test worker] j.LocalContainerEntityManagerFactoryBean : Initialized JPA EntityManagerFactory for persistence unit 'default'
2025-09-11T21:59:24.816+01:00  INFO 20565 --- [Pollution project] [    Test worker] o.s.d.j.r.query.QueryEnhancerFactory     : Hibernate is in classpath; If applicable, HQL parser will be used.
2025-09-11T21:59:25.043+01:00  WARN 20565 --- [Pollution project] [    Test worker] JpaBaseConfiguration$JpaWebConfiguration : spring.jpa.open-in-view is enabled by default. Therefore, database queries may be performed during view rendering. Explicitly configure spring.jpa.open-in-view to disable this warning
2025-09-11T21:59:25.057+01:00  INFO 20565 --- [Pollution project] [    Test worker] r$InitializeUserDetailsManagerConfigurer : Global AuthenticationManager configured with UserDetailsService bean with name pollutionUserDetailsService
2025-09-11T21:59:25.300+01:00  INFO 20565 --- [Pollution project] [    Test worker] c.p.p.PollutionProjectApplicationTests   : Started PollutionProjectApplicationTests in 2.312 seconds (process running for 6.892)
]]></system-out>
  <system-err><![CDATA[]]></system-err>
</testsuite>
