<?xml version="1.0" encoding="UTF-8"?>
<testsuite name="com.pollution.project.testController.LocationControllerTest" tests="19" skipped="0" failures="2" errors="0" timestamp="2025-09-11T21:12:30.869Z" hostname="Narains-Laptop.local" time="0.026">
  <properties/>
  <testcase name="testAddLocation_EmptyName()" classname="com.pollution.project.testController.LocationControllerTest" time="0.002"/>
  <testcase name="testRefreshLocation_NotFound()" classname="com.pollution.project.testController.LocationControllerTest" time="0.002"/>
  <testcase name="testGetLocationData_NotFound()" classname="com.pollution.project.testController.LocationControllerTest" time="0.001"/>
  <testcase name="testAddLocation_InvalidCoordinates()" classname="com.pollution.project.testController.LocationControllerTest" time="0.001"/>
  <testcase name="testGetLocationData_Valid()" classname="com.pollution.project.testController.LocationControllerTest" time="0.001"/>
  <testcase name="testGetSiteByCoords_Valid()" classname="com.pollution.project.testController.LocationControllerTest" time="0.001"/>
  <testcase name="testGetSiteByCoords_NoData()" classname="com.pollution.project.testController.LocationControllerTest" time="0.001"/>
  <testcase name="testDeleteLocation_NotFound()" classname="com.pollution.project.testController.LocationControllerTest" time="0.0"/>
  <testcase name="testRefreshLocation_Valid()" classname="com.pollution.project.testController.LocationControllerTest" time="0.0"/>
  <testcase name="testGetLocationStats_WithSnapshots()" classname="com.pollution.project.testController.LocationControllerTest" time="0.004"/>
  <testcase name="testAddLocation_NullName()" classname="com.pollution.project.testController.LocationControllerTest" time="0.001"/>
  <testcase name="testAddLocation_Valid()" classname="com.pollution.project.testController.LocationControllerTest" time="0.001"/>
  <testcase name="testRefreshLocation_NoAQData()" classname="com.pollution.project.testController.LocationControllerTest" time="0.001"/>
  <testcase name="testGetLocationData_NoAQData()" classname="com.pollution.project.testController.LocationControllerTest" time="0.002">
    <failure message="java.lang.NullPointerException" type="java.lang.NullPointerException">java.lang.NullPointerException
	at java.base/java.util.Objects.requireNonNull(Objects.java:233)
	at java.base/java.util.ImmutableCollections$MapN.&lt;init&gt;(ImmutableCollections.java:1193)
	at java.base/java.util.Map.of(Map.java:1385)
	at com.pollution.project.testController.DummyLocationController.getLocationData(DummyLocationController.java:59)
	at com.pollution.project.testController.LocationControllerTest.testGetLocationData_NoAQData(LocationControllerTest.java:91)
	at java.base/java.lang.reflect.Method.invoke(Method.java:580)
	at java.base/java.util.ArrayList.forEach(ArrayList.java:1596)
	at java.base/java.util.ArrayList.forEach(ArrayList.java:1596)
</failure>
  </testcase>
  <testcase name="testDeleteAllLocations()" classname="com.pollution.project.testController.LocationControllerTest" time="0.001"/>
  <testcase name="testGetLocation_NoSnapshots()" classname="com.pollution.project.testController.LocationControllerTest" time="0.001"/>
  <testcase name="testGetLocationStats_NotFound()" classname="com.pollution.project.testController.LocationControllerTest" time="0.001">
    <failure message="org.opentest4j.AssertionFailedError: expected: &lt;404&gt; but was: &lt;200&gt;" type="org.opentest4j.AssertionFailedError">org.opentest4j.AssertionFailedError: expected: &lt;404&gt; but was: &lt;200&gt;
	at app//org.junit.jupiter.api.AssertionFailureBuilder.build(AssertionFailureBuilder.java:151)
	at app//org.junit.jupiter.api.AssertionFailureBuilder.buildAndThrow(AssertionFailureBuilder.java:132)
	at app//org.junit.jupiter.api.AssertEquals.failNotEqual(AssertEquals.java:197)
	at app//org.junit.jupiter.api.AssertEquals.assertEquals(AssertEquals.java:150)
	at app//org.junit.jupiter.api.AssertEquals.assertEquals(AssertEquals.java:145)
	at app//org.junit.jupiter.api.Assertions.assertEquals(Assertions.java:531)
	at app//com.pollution.project.testController.LocationControllerTest.testGetLocationStats_NotFound(LocationControllerTest.java:141)
	at java.base@21.0.5/java.lang.reflect.Method.invoke(Method.java:580)
	at java.base@21.0.5/java.util.ArrayList.forEach(ArrayList.java:1596)
	at java.base@21.0.5/java.util.ArrayList.forEach(ArrayList.java:1596)
</failure>
  </testcase>
  <testcase name="testAddLocation_InvalidLongitude()" classname="com.pollution.project.testController.LocationControllerTest" time="0.001"/>
  <testcase name="testDeleteLocation_Valid()" classname="com.pollution.project.testController.LocationControllerTest" time="0.001"/>
  <system-out><![CDATA[22:12:30.870 [Test worker] WARN com.pollution.project.testController.DummyLocationController -- Attempted to add location with null or empty name
22:12:30.872 [Test worker] WARN com.pollution.project.testController.DummyLocationController -- Attempted to refresh non-existent location with id 999
22:12:30.874 [Test worker] WARN com.pollution.project.testController.DummyLocationController -- Location with id 999 not found
22:12:30.875 [Test worker] WARN com.pollution.project.testController.DummyLocationController -- Attempted to add location with invalid latitude or longitude
22:12:30.878 [Test worker] WARN com.pollution.project.testController.DummyLocationController -- No air quality data found for coordinates (51.5, 0.1)
22:12:30.880 [Test worker] WARN com.pollution.project.testController.DummyLocationController -- Attempted to delete non-existent location with id 999
22:12:30.887 [Test worker] WARN com.pollution.project.testController.DummyLocationController -- Attempted to add location with null or empty name
22:12:30.889 [Test worker] WARN com.pollution.project.testController.DummyLocationController -- No air quality data found for location id 1
22:12:30.890 [Test worker] WARN com.pollution.project.testController.DummyLocationController -- No air quality data found for location id 1
22:12:30.891 [Test worker] WARN com.pollution.project.testController.DummyLocationController -- Location with id 1 not found
22:12:30.892 [Test worker] WARN com.pollution.project.testController.DummyLocationController -- Location with id 2 not found
22:12:30.894 [Test worker] WARN com.pollution.project.testController.DummyLocationController -- Attempted to add location with invalid latitude or longitude
]]></system-out>
  <system-err><![CDATA[]]></system-err>
</testsuite>
