<?xml version="1.0" encoding="UTF-8"?>
<testsuite name="com.pollution.project.testController.LocationControllerTest" tests="19" skipped="0" failures="2" errors="0" timestamp="2025-09-11T22:26:36.420Z" hostname="Narains-Laptop.local" time="0.013">
  <properties/>
  <testcase name="testAddLocation_EmptyName()" classname="com.pollution.project.testController.LocationControllerTest" time="0.003"/>
  <testcase name="testRefreshLocation_NotFound()" classname="com.pollution.project.testController.LocationControllerTest" time="0.0"/>
  <testcase name="testGetLocationData_NotFound()" classname="com.pollution.project.testController.LocationControllerTest" time="0.0"/>
  <testcase name="testAddLocation_InvalidCoordinates()" classname="com.pollution.project.testController.LocationControllerTest" time="0.001"/>
  <testcase name="testGetLocationData_Valid()" classname="com.pollution.project.testController.LocationControllerTest" time="0.0"/>
  <testcase name="testGetSiteByCoords_Valid()" classname="com.pollution.project.testController.LocationControllerTest" time="0.0"/>
  <testcase name="testGetSiteByCoords_NoData()" classname="com.pollution.project.testController.LocationControllerTest" time="0.0"/>
  <testcase name="testDeleteLocation_NotFound()" classname="com.pollution.project.testController.LocationControllerTest" time="0.001"/>
  <testcase name="testRefreshLocation_Valid()" classname="com.pollution.project.testController.LocationControllerTest" time="0.0"/>
  <testcase name="testGetLocationStats_WithSnapshots()" classname="com.pollution.project.testController.LocationControllerTest" time="0.002"/>
  <testcase name="testAddLocation_NullName()" classname="com.pollution.project.testController.LocationControllerTest" time="0.001"/>
  <testcase name="testAddLocation_Valid()" classname="com.pollution.project.testController.LocationControllerTest" time="0.0"/>
  <testcase name="testRefreshLocation_NoAQData()" classname="com.pollution.project.testController.LocationControllerTest" time="0.0"/>
  <testcase name="testGetLocationData_NoAQData()" classname="com.pollution.project.testController.LocationControllerTest" time="0.001">
    <failure message="java.lang.NullPointerException" type="java.lang.NullPointerException">java.lang.NullPointerException
	at java.base/java.util.Objects.requireNonNull(Objects.java:233)
	at java.base/java.util.ImmutableCollections$MapN.&lt;init&gt;(ImmutableCollections.java:1193)
	at java.base/java.util.Map.of(Map.java:1385)
	at com.pollution.project.testController.DummyLocationController.getLocationData(DummyLocationController.java:59)
	at com.pollution.project.testController.LocationControllerTest.testGetLocationData_NoAQData(LocationControllerTest.java:91)
	at java.base/java.lang.reflect.Method.invoke(Method.java:580)
	at java.base/java.util.ArrayList.forEach(ArrayList.java:1596)
	at java.base/java.util.ArrayList.forEach(ArrayList.java:1596)
</failure>
  </testcase>
  <testcase name="testDeleteAllLocations()" classname="com.pollution.project.testController.LocationControllerTest" time="0.001"/>
  <testcase name="testGetLocation_NoSnapshots()" classname="com.pollution.project.testController.LocationControllerTest" time="0.0"/>
  <testcase name="testGetLocationStats_NotFound()" classname="com.pollution.project.testController.LocationControllerTest" time="0.0">
    <failure message="org.opentest4j.AssertionFailedError: expected: &lt;404&gt; but was: &lt;200&gt;" type="org.opentest4j.AssertionFailedError">org.opentest4j.AssertionFailedError: expected: &lt;404&gt; but was: &lt;200&gt;
	at app//org.junit.jupiter.api.AssertionFailureBuilder.build(AssertionFailureBuilder.java:151)
	at app//org.junit.jupiter.api.AssertionFailureBuilder.buildAndThrow(AssertionFailureBuilder.java:132)
	at app//org.junit.jupiter.api.AssertEquals.failNotEqual(AssertEquals.java:197)
	at app//org.junit.jupiter.api.AssertEquals.assertEquals(AssertEquals.java:150)
	at app//org.junit.jupiter.api.AssertEquals.assertEquals(AssertEquals.java:145)
	at app//org.junit.jupiter.api.Assertions.assertEquals(Assertions.java:531)
	at app//com.pollution.project.testController.LocationControllerTest.testGetLocationStats_NotFound(LocationControllerTest.java:141)
	at java.base@21.0.5/java.lang.reflect.Method.invoke(Method.java:580)
	at java.base@21.0.5/java.util.ArrayList.forEach(ArrayList.java:1596)
	at java.base@21.0.5/java.util.ArrayList.forEach(ArrayList.java:1596)
</failure>
  </testcase>
  <testcase name="testAddLocation_InvalidLongitude()" classname="com.pollution.project.testController.LocationControllerTest" time="0.0"/>
  <testcase name="testDeleteLocation_Valid()" classname="com.pollution.project.testController.LocationControllerTest" time="0.0"/>
  <system-out><![CDATA[2025-09-11T23:26:36.421+01:00  WARN 25135 --- [Pollution project] [    Test worker] c.p.p.t.DummyLocationController          : Attempted to add location with null or empty name
2025-09-11T23:26:36.424+01:00  WARN 25135 --- [Pollution project] [    Test worker] c.p.p.t.DummyLocationController          : Attempted to refresh non-existent location with id 999
2025-09-11T23:26:36.425+01:00  WARN 25135 --- [Pollution project] [    Test worker] c.p.p.t.DummyLocationController          : Location with id 999 not found
2025-09-11T23:26:36.425+01:00  WARN 25135 --- [Pollution project] [    Test worker] c.p.p.t.DummyLocationController          : Attempted to add location with invalid latitude or longitude
2025-09-11T23:26:36.426+01:00  WARN 25135 --- [Pollution project] [    Test worker] c.p.p.t.DummyLocationController          : No air quality data found for coordinates (51.5, 0.1)
2025-09-11T23:26:36.427+01:00  WARN 25135 --- [Pollution project] [    Test worker] c.p.p.t.DummyLocationController          : Attempted to delete non-existent location with id 999
2025-09-11T23:26:36.430+01:00  WARN 25135 --- [Pollution project] [    Test worker] c.p.p.t.DummyLocationController          : Attempted to add location with null or empty name
2025-09-11T23:26:36.431+01:00  WARN 25135 --- [Pollution project] [    Test worker] c.p.p.t.DummyLocationController          : No air quality data found for location id 1
2025-09-11T23:26:36.431+01:00  WARN 25135 --- [Pollution project] [    Test worker] c.p.p.t.DummyLocationController          : No air quality data found for location id 1
2025-09-11T23:26:36.432+01:00  WARN 25135 --- [Pollution project] [    Test worker] c.p.p.t.DummyLocationController          : Location with id 1 not found
2025-09-11T23:26:36.432+01:00  WARN 25135 --- [Pollution project] [    Test worker] c.p.p.t.DummyLocationController          : Location with id 2 not found
2025-09-11T23:26:36.433+01:00  WARN 25135 --- [Pollution project] [    Test worker] c.p.p.t.DummyLocationController          : Attempted to add location with invalid latitude or longitude
]]></system-out>
  <system-err><![CDATA[]]></system-err>
</testsuite>
