<?xml version="1.0" encoding="UTF-8"?>
<testsuite name="com.pollution.project.testController.LocationControllerTest" tests="19" skipped="0" failures="0" errors="0" timestamp="2025-09-14T16:40:38.184Z" hostname="Narains-Laptop.local" time="0.013">
  <properties/>
  <testcase name="testAddLocation_EmptyName()" classname="com.pollution.project.testController.LocationControllerTest" time="0.003"/>
  <testcase name="testRefreshLocation_NotFound()" classname="com.pollution.project.testController.LocationControllerTest" time="0.0"/>
  <testcase name="testGetLocationData_NotFound()" classname="com.pollution.project.testController.LocationControllerTest" time="0.0"/>
  <testcase name="testAddLocation_InvalidCoordinates()" classname="com.pollution.project.testController.LocationControllerTest" time="0.0"/>
  <testcase name="testGetLocationData_Valid()" classname="com.pollution.project.testController.LocationControllerTest" time="0.0"/>
  <testcase name="testGetSiteByCoords_Valid()" classname="com.pollution.project.testController.LocationControllerTest" time="0.0"/>
  <testcase name="testGetSiteByCoords_NoData()" classname="com.pollution.project.testController.LocationControllerTest" time="0.001"/>
  <testcase name="testDeleteLocation_NotFound()" classname="com.pollution.project.testController.LocationControllerTest" time="0.0"/>
  <testcase name="testRefreshLocation_Valid()" classname="com.pollution.project.testController.LocationControllerTest" time="0.001"/>
  <testcase name="testGetLocationStats_WithSnapshots()" classname="com.pollution.project.testController.LocationControllerTest" time="0.002"/>
  <testcase name="testAddLocation_NullName()" classname="com.pollution.project.testController.LocationControllerTest" time="0.0"/>
  <testcase name="testAddLocation_Valid()" classname="com.pollution.project.testController.LocationControllerTest" time="0.0"/>
  <testcase name="testRefreshLocation_NoAQData()" classname="com.pollution.project.testController.LocationControllerTest" time="0.001"/>
  <testcase name="testGetLocationData_NoAQData()" classname="com.pollution.project.testController.LocationControllerTest" time="0.0"/>
  <testcase name="testDeleteAllLocations()" classname="com.pollution.project.testController.LocationControllerTest" time="0.0"/>
  <testcase name="testGetLocation_NoSnapshots()" classname="com.pollution.project.testController.LocationControllerTest" time="0.0"/>
  <testcase name="testGetLocationStats_NotFound()" classname="com.pollution.project.testController.LocationControllerTest" time="0.0"/>
  <testcase name="testAddLocation_InvalidLongitude()" classname="com.pollution.project.testController.LocationControllerTest" time="0.001"/>
  <testcase name="testDeleteLocation_Valid()" classname="com.pollution.project.testController.LocationControllerTest" time="0.0"/>
  <system-out><![CDATA[2025-09-14T17:40:38.185+01:00  WARN 27456 --- [Pollution project] [    Test worker] c.p.p.t.DummyLocationController          : Attempted to add location with null or empty name
2025-09-14T17:40:38.188+01:00  WARN 27456 --- [Pollution project] [    Test worker] c.p.p.t.DummyLocationController          : Attempted to refresh non-existent location with id 999
2025-09-14T17:40:38.188+01:00  WARN 27456 --- [Pollution project] [    Test worker] c.p.p.t.DummyLocationController          : Location with id 999 not found
2025-09-14T17:40:38.189+01:00  WARN 27456 --- [Pollution project] [    Test worker] c.p.p.t.DummyLocationController          : Attempted to add location with invalid latitude or longitude
2025-09-14T17:40:38.190+01:00  WARN 27456 --- [Pollution project] [    Test worker] c.p.p.t.DummyLocationController          : No air quality data found for coordinates (51.5, 0.1)
2025-09-14T17:40:38.191+01:00  WARN 27456 --- [Pollution project] [    Test worker] c.p.p.t.DummyLocationController          : Attempted to delete non-existent location with id 999
2025-09-14T17:40:38.194+01:00  WARN 27456 --- [Pollution project] [    Test worker] c.p.p.t.DummyLocationController          : Attempted to add location with null or empty name
2025-09-14T17:40:38.195+01:00  WARN 27456 --- [Pollution project] [    Test worker] c.p.p.t.DummyLocationController          : No air quality data found for location id 1
2025-09-14T17:40:38.195+01:00  WARN 27456 --- [Pollution project] [    Test worker] c.p.p.t.DummyLocationController          : No air quality data found for location id 1
2025-09-14T17:40:38.196+01:00  WARN 27456 --- [Pollution project] [    Test worker] c.p.p.t.DummyLocationController          : Location with id 1 not found
2025-09-14T17:40:38.196+01:00  WARN 27456 --- [Pollution project] [    Test worker] c.p.p.t.DummyLocationController          : Location with id 2 not found
2025-09-14T17:40:38.196+01:00  WARN 27456 --- [Pollution project] [    Test worker] c.p.p.t.DummyLocationController          : No snapshots found for location id 1
2025-09-14T17:40:38.197+01:00  WARN 27456 --- [Pollution project] [    Test worker] c.p.p.t.DummyLocationController          : Attempted to get stats for non-existent location with id 999
2025-09-14T17:40:38.197+01:00  WARN 27456 --- [Pollution project] [    Test worker] c.p.p.t.DummyLocationController          : Attempted to add location with invalid latitude or longitude
]]></system-out>
  <system-err><![CDATA[]]></system-err>
</testsuite>
