<?xml version="1.0" encoding="UTF-8"?>
<testsuite name="com.pollution.project.service.SiteCodeResolverTest" tests="34" skipped="0" failures="6" errors="0" timestamp="2025-09-14T22:56:39.450Z" hostname="Narains-Laptop.local" time="0.924">
  <properties/>
  <testcase name="testGetIndex_SpeciesNotFound()" classname="com.pollution.project.service.SiteCodeResolverTest" time="0.686"/>
  <testcase name="testLookupSiteCode_TrimInput()" classname="com.pollution.project.service.SiteCodeResolverTest" time="0.003"/>
  <testcase name="testGetIndex_ValidSpecies()" classname="com.pollution.project.service.SiteCodeResolverTest" time="0.002"/>
  <testcase name="testRefreshSiteTrie_SuccessfulUpdate()" classname="com.pollution.project.service.SiteCodeResolverTest" time="0.112"/>
  <testcase name="testGetIndex_InvalidIndexValue()" classname="com.pollution.project.service.SiteCodeResolverTest" time="0.002"/>
  <testcase name="testLookupSiteCode_SubstringNotPrefix()" classname="com.pollution.project.service.SiteCodeResolverTest" time="0.001"/>
  <testcase name="testAssignSiteCode_BothFail()" classname="com.pollution.project.service.SiteCodeResolverTest" time="0.005"/>
  <testcase name="testRefreshLocationData_SnapshotSaved()" classname="com.pollution.project.service.SiteCodeResolverTest" time="0.008">
    <failure message="java.lang.NullPointerException: Cannot invoke &quot;String.trim()&quot; because &quot;in&quot; is null" type="java.lang.NullPointerException">java.lang.NullPointerException: Cannot invoke &quot;String.trim()&quot; because &quot;in&quot; is null
	at java.base/jdk.internal.math.FloatingDecimal.readJavaFormatString(FloatingDecimal.java:1838)
	at java.base/jdk.internal.math.FloatingDecimal.parseDouble(FloatingDecimal.java:110)
	at java.base/java.lang.Double.parseDouble(Double.java:792)
	at com.pollution.project.service.SiteCodeResolver.calculateSiteCode(SiteCodeResolver.java:193)
	at com.pollution.project.service.SiteCodeResolver.assignSiteCode(SiteCodeResolver.java:247)
	at com.pollution.project.service.SiteCodeResolver.populateLocationData(SiteCodeResolver.java:269)
	at com.pollution.project.service.SiteCodeResolver.refreshLocationData(SiteCodeResolver.java:349)
	at com.pollution.project.service.SiteCodeResolverTest.testRefreshLocationData_SnapshotSaved(SiteCodeResolverTest.java:695)
	at java.base/java.lang.reflect.Method.invoke(Method.java:580)
	at java.base/java.util.ArrayList.forEach(ArrayList.java:1596)
	at java.base/java.util.ArrayList.forEach(ArrayList.java:1596)
</failure>
  </testcase>
  <testcase name="testCalculateSiteCode_NoSitesReturned()" classname="com.pollution.project.service.SiteCodeResolverTest" time="0.003"/>
  <testcase name="testLookupSiteCode_SuggestionWithoutSiteCode()" classname="com.pollution.project.service.SiteCodeResolverTest" time="0.002"/>
  <testcase name="testGetSiteTrie_SubsequentCallsReturnSameInstance()" classname="com.pollution.project.service.SiteCodeResolverTest" time="0.012">
    <failure message="Wanted but not invoked:&#10;restTemplate.getForEntity(&#10;    &lt;any string&gt;,&#10;    class com.pollution.dto.MonitoringSiteResponse&#10;);&#10;-&gt; at org.springframework.web.client.RestTemplate.getForEntity(RestTemplate.java:429)&#10;&#10;However, there was exactly 1 interaction with this mock:&#10;restTemplate.getForEntity(&#10;    &quot;https://api.erg.ic.ac.uk/AirQuality/Information/MonitoringSites/GroupName=London/Json&quot;,&#10;    class java.lang.String&#10;);&#10;-&gt; at com.pollution.project.service.SiteCodeResolver.getSiteTrie(SiteCodeResolver.java:82)&#10;&#10;" type="org.mockito.exceptions.verification.WantedButNotInvoked">Wanted but not invoked:
restTemplate.getForEntity(
    &lt;any string&gt;,
    class com.pollution.dto.MonitoringSiteResponse
);
-&gt; at org.springframework.web.client.RestTemplate.getForEntity(RestTemplate.java:429)

However, there was exactly 1 interaction with this mock:
restTemplate.getForEntity(
    &quot;https://api.erg.ic.ac.uk/AirQuality/Information/MonitoringSites/GroupName=London/Json&quot;,
    class java.lang.String
);
-&gt; at com.pollution.project.service.SiteCodeResolver.getSiteTrie(SiteCodeResolver.java:82)


	at app//org.springframework.web.client.RestTemplate.getForEntity(RestTemplate.java:429)
	at app//com.pollution.project.service.SiteCodeResolverTest.testGetSiteTrie_SubsequentCallsReturnSameInstance(SiteCodeResolverTest.java:265)
	at java.base@21.0.5/java.lang.reflect.Method.invoke(Method.java:580)
	at java.base@21.0.5/java.util.ArrayList.forEach(ArrayList.java:1596)
	at java.base@21.0.5/java.util.ArrayList.forEach(ArrayList.java:1596)
</failure>
  </testcase>
  <testcase name="testAssignSiteCode_FallbackToCalculate()" classname="com.pollution.project.service.SiteCodeResolverTest" time="0.023">
    <failure message="org.opentest4j.AssertionFailedError: Fallback site code should have been assigned ==&gt; expected: &lt;S2&gt; but was: &lt;null&gt;" type="org.opentest4j.AssertionFailedError">org.opentest4j.AssertionFailedError: Fallback site code should have been assigned ==&gt; expected: &lt;S2&gt; but was: &lt;null&gt;
	at app//org.junit.jupiter.api.AssertionFailureBuilder.build(AssertionFailureBuilder.java:151)
	at app//org.junit.jupiter.api.AssertionFailureBuilder.buildAndThrow(AssertionFailureBuilder.java:132)
	at app//org.junit.jupiter.api.AssertEquals.failNotEqual(AssertEquals.java:197)
	at app//org.junit.jupiter.api.AssertEquals.assertEquals(AssertEquals.java:182)
	at app//org.junit.jupiter.api.Assertions.assertEquals(Assertions.java:1156)
	at app//com.pollution.project.service.SiteCodeResolverTest.testAssignSiteCode_FallbackToCalculate(SiteCodeResolverTest.java:521)
	at java.base@21.0.5/java.lang.reflect.Method.invoke(Method.java:580)
	at java.base@21.0.5/java.util.ArrayList.forEach(ArrayList.java:1596)
	at java.base@21.0.5/java.util.ArrayList.forEach(ArrayList.java:1596)
</failure>
  </testcase>
  <testcase name="testCalculateSiteCode_EmptySitesArray()" classname="com.pollution.project.service.SiteCodeResolverTest" time="0.002"/>
  <testcase name="testLookupSiteCode_NullInput()" classname="com.pollution.project.service.SiteCodeResolverTest" time="0.001"/>
  <testcase name="testLookupSiteCode_ExactMatch()" classname="com.pollution.project.service.SiteCodeResolverTest" time="0.001"/>
  <testcase name="testLookupSiteCode_MultipleSuggestions()" classname="com.pollution.project.service.SiteCodeResolverTest" time="0.001"/>
  <testcase name="testCalculateSiteCode_InvalidCoordinatesSkipped()" classname="com.pollution.project.service.SiteCodeResolverTest" time="0.003"/>
  <testcase name="testRefreshLocationData_NoAirQualityData()" classname="com.pollution.project.service.SiteCodeResolverTest" time="0.002"/>
  <testcase name="testLookupSiteCode_NotFound()" classname="com.pollution.project.service.SiteCodeResolverTest" time="0.0"/>
  <testcase name="testLookupSiteCode_CaseInsensitive()" classname="com.pollution.project.service.SiteCodeResolverTest" time="0.0"/>
  <testcase name="testGetSiteTrie_FirstCallPopulatesTrie()" classname="com.pollution.project.service.SiteCodeResolverTest" time="0.002"/>
  <testcase name="testRefreshSiteTrie_ReplacesOldTrie()" classname="com.pollution.project.service.SiteCodeResolverTest" time="0.003"/>
  <testcase name="testRefreshSiteTrie_ApiThrowsException()" classname="com.pollution.project.service.SiteCodeResolverTest" time="0.005">
    <failure message="org.mockito.exceptions.verification.TooManyActualInvocations: &#10;restTemplate.getForEntity(&#10;    &lt;any string&gt;,&#10;    class java.lang.String&#10;);&#10;Wanted 1 time:&#10;-&gt; at org.springframework.web.client.RestTemplate.getForEntity(RestTemplate.java:429)&#10;But was 2 times:&#10;-&gt; at com.pollution.project.service.SiteCodeResolver.refreshSiteTrie(SiteCodeResolver.java:129)&#10;-&gt; at com.pollution.project.service.SiteCodeResolver.getSiteTrie(SiteCodeResolver.java:82)&#10;&#10;" type="org.mockito.exceptions.verification.TooManyActualInvocations">org.mockito.exceptions.verification.TooManyActualInvocations: 
restTemplate.getForEntity(
    &lt;any string&gt;,
    class java.lang.String
);
Wanted 1 time:
-&gt; at org.springframework.web.client.RestTemplate.getForEntity(RestTemplate.java:429)
But was 2 times:
-&gt; at com.pollution.project.service.SiteCodeResolver.refreshSiteTrie(SiteCodeResolver.java:129)
-&gt; at com.pollution.project.service.SiteCodeResolver.getSiteTrie(SiteCodeResolver.java:82)


	at app//org.springframework.web.client.RestTemplate.getForEntity(RestTemplate.java:429)
	at app//com.pollution.project.service.SiteCodeResolverTest.testRefreshSiteTrie_ApiThrowsException(SiteCodeResolverTest.java:335)
	at java.base@21.0.5/java.lang.reflect.Method.invoke(Method.java:580)
	at java.base@21.0.5/java.util.ArrayList.forEach(ArrayList.java:1596)
	at java.base@21.0.5/java.util.ArrayList.forEach(ArrayList.java:1596)
</failure>
  </testcase>
  <testcase name="testGetSiteCode_Found()" classname="com.pollution.project.service.SiteCodeResolverTest" time="0.001"/>
  <testcase name="testGetSiteCode_NotFound()" classname="com.pollution.project.service.SiteCodeResolverTest" time="0.001"/>
  <testcase name="testPopulateLocationData_InvalidIndex()" classname="com.pollution.project.service.SiteCodeResolverTest" time="0.014">
    <failure message="com.fasterxml.jackson.databind.exc.UnrecognizedPropertyException: Unrecognized field &quot;LocalAuthorityName&quot; (class com.pollution.dto.HourlyIndexResponse$LocalAuthority), not marked as ignorable (5 known properties: &quot;@LocalAuthorityName&quot;, &quot;@LaCentreLatitude&quot;, &quot;@LocalAuthorityCode&quot;, &quot;@LaCentreLongitude&quot;, &quot;Site&quot;])&#10; at [Source: REDACTED (`StreamReadFeature.INCLUDE_SOURCE_IN_LOCATION` disabled); line: 4, column: 36] (through reference chain: com.pollution.dto.HourlyIndexResponse[&quot;HourlyAirQualityIndex&quot;]-&gt;com.pollution.dto.HourlyIndexResponse$HourlyAirQualityIndex[&quot;LocalAuthority&quot;]-&gt;com.pollution.dto.HourlyIndexResponse$LocalAuthority[&quot;LocalAuthorityName&quot;])" type="com.fasterxml.jackson.databind.exc.UnrecognizedPropertyException">com.fasterxml.jackson.databind.exc.UnrecognizedPropertyException: Unrecognized field &quot;LocalAuthorityName&quot; (class com.pollution.dto.HourlyIndexResponse$LocalAuthority), not marked as ignorable (5 known properties: &quot;@LocalAuthorityName&quot;, &quot;@LaCentreLatitude&quot;, &quot;@LocalAuthorityCode&quot;, &quot;@LaCentreLongitude&quot;, &quot;Site&quot;])
 at [Source: REDACTED (`StreamReadFeature.INCLUDE_SOURCE_IN_LOCATION` disabled); line: 4, column: 36] (through reference chain: com.pollution.dto.HourlyIndexResponse[&quot;HourlyAirQualityIndex&quot;]-&gt;com.pollution.dto.HourlyIndexResponse$HourlyAirQualityIndex[&quot;LocalAuthority&quot;]-&gt;com.pollution.dto.HourlyIndexResponse$LocalAuthority[&quot;LocalAuthorityName&quot;])
	at app//com.fasterxml.jackson.databind.exc.UnrecognizedPropertyException.from(UnrecognizedPropertyException.java:61)
	at app//com.fasterxml.jackson.databind.DeserializationContext.handleUnknownProperty(DeserializationContext.java:1153)
	at app//com.fasterxml.jackson.databind.deser.std.StdDeserializer.handleUnknownProperty(StdDeserializer.java:2241)
	at app//com.fasterxml.jackson.databind.deser.BeanDeserializerBase.handleUnknownProperty(BeanDeserializerBase.java:1793)
	at app//com.fasterxml.jackson.databind.deser.BeanDeserializerBase.handleUnknownVanilla(BeanDeserializerBase.java:1771)
	at app//com.fasterxml.jackson.databind.deser.BeanDeserializer.vanillaDeserialize(BeanDeserializer.java:316)
	at app//com.fasterxml.jackson.databind.deser.BeanDeserializer.deserialize(BeanDeserializer.java:177)
	at app//com.fasterxml.jackson.databind.deser.impl.MethodProperty.deserializeAndSet(MethodProperty.java:129)
	at app//com.fasterxml.jackson.databind.deser.BeanDeserializer.vanillaDeserialize(BeanDeserializer.java:310)
	at app//com.fasterxml.jackson.databind.deser.BeanDeserializer.deserialize(BeanDeserializer.java:177)
	at app//com.fasterxml.jackson.databind.deser.impl.MethodProperty.deserializeAndSet(MethodProperty.java:129)
	at app//com.fasterxml.jackson.databind.deser.BeanDeserializer.vanillaDeserialize(BeanDeserializer.java:310)
	at app//com.fasterxml.jackson.databind.deser.BeanDeserializer.deserialize(BeanDeserializer.java:177)
	at app//com.fasterxml.jackson.databind.deser.DefaultDeserializationContext.readRootValue(DefaultDeserializationContext.java:342)
	at app//com.fasterxml.jackson.databind.ObjectMapper._readMapAndClose(ObjectMapper.java:4905)
	at app//com.fasterxml.jackson.databind.ObjectMapper.readValue(ObjectMapper.java:3848)
	at app//com.fasterxml.jackson.databind.ObjectMapper.readValue(ObjectMapper.java:3816)
	at app//com.pollution.project.service.SiteCodeResolver.populateLocationData(SiteCodeResolver.java:290)
	at app//com.pollution.project.service.SiteCodeResolver.populateLocationData(SiteCodeResolver.java:266)
	at app//com.pollution.project.service.SiteCodeResolverTest.testPopulateLocationData_InvalidIndex(SiteCodeResolverTest.java:667)
	at java.base@21.0.5/java.lang.reflect.Method.invoke(Method.java:580)
	at java.base@21.0.5/java.util.ArrayList.forEach(ArrayList.java:1596)
	at java.base@21.0.5/java.util.ArrayList.forEach(ArrayList.java:1596)
</failure>
  </testcase>
  <testcase name="getSiteTrie_ShouldReturnNonNullTrie()" classname="com.pollution.project.service.SiteCodeResolverTest" time="0.001"/>
  <testcase name="testPopulateLocationData_ValidResponse()" classname="com.pollution.project.service.SiteCodeResolverTest" time="0.004">
    <failure message="com.fasterxml.jackson.databind.exc.UnrecognizedPropertyException: Unrecognized field &quot;LocalAuthorityName&quot; (class com.pollution.dto.HourlyIndexResponse$LocalAuthority), not marked as ignorable (5 known properties: &quot;@LocalAuthorityName&quot;, &quot;@LaCentreLatitude&quot;, &quot;@LocalAuthorityCode&quot;, &quot;@LaCentreLongitude&quot;, &quot;Site&quot;])&#10; at [Source: REDACTED (`StreamReadFeature.INCLUDE_SOURCE_IN_LOCATION` disabled); line: 4, column: 36] (through reference chain: com.pollution.dto.HourlyIndexResponse[&quot;HourlyAirQualityIndex&quot;]-&gt;com.pollution.dto.HourlyIndexResponse$HourlyAirQualityIndex[&quot;LocalAuthority&quot;]-&gt;com.pollution.dto.HourlyIndexResponse$LocalAuthority[&quot;LocalAuthorityName&quot;])" type="com.fasterxml.jackson.databind.exc.UnrecognizedPropertyException">com.fasterxml.jackson.databind.exc.UnrecognizedPropertyException: Unrecognized field &quot;LocalAuthorityName&quot; (class com.pollution.dto.HourlyIndexResponse$LocalAuthority), not marked as ignorable (5 known properties: &quot;@LocalAuthorityName&quot;, &quot;@LaCentreLatitude&quot;, &quot;@LocalAuthorityCode&quot;, &quot;@LaCentreLongitude&quot;, &quot;Site&quot;])
 at [Source: REDACTED (`StreamReadFeature.INCLUDE_SOURCE_IN_LOCATION` disabled); line: 4, column: 36] (through reference chain: com.pollution.dto.HourlyIndexResponse[&quot;HourlyAirQualityIndex&quot;]-&gt;com.pollution.dto.HourlyIndexResponse$HourlyAirQualityIndex[&quot;LocalAuthority&quot;]-&gt;com.pollution.dto.HourlyIndexResponse$LocalAuthority[&quot;LocalAuthorityName&quot;])
	at app//com.fasterxml.jackson.databind.exc.UnrecognizedPropertyException.from(UnrecognizedPropertyException.java:61)
	at app//com.fasterxml.jackson.databind.DeserializationContext.handleUnknownProperty(DeserializationContext.java:1153)
	at app//com.fasterxml.jackson.databind.deser.std.StdDeserializer.handleUnknownProperty(StdDeserializer.java:2241)
	at app//com.fasterxml.jackson.databind.deser.BeanDeserializerBase.handleUnknownProperty(BeanDeserializerBase.java:1793)
	at app//com.fasterxml.jackson.databind.deser.BeanDeserializerBase.handleUnknownVanilla(BeanDeserializerBase.java:1771)
	at app//com.fasterxml.jackson.databind.deser.BeanDeserializer.vanillaDeserialize(BeanDeserializer.java:316)
	at app//com.fasterxml.jackson.databind.deser.BeanDeserializer.deserialize(BeanDeserializer.java:177)
	at app//com.fasterxml.jackson.databind.deser.impl.MethodProperty.deserializeAndSet(MethodProperty.java:129)
	at app//com.fasterxml.jackson.databind.deser.BeanDeserializer.vanillaDeserialize(BeanDeserializer.java:310)
	at app//com.fasterxml.jackson.databind.deser.BeanDeserializer.deserialize(BeanDeserializer.java:177)
	at app//com.fasterxml.jackson.databind.deser.impl.MethodProperty.deserializeAndSet(MethodProperty.java:129)
	at app//com.fasterxml.jackson.databind.deser.BeanDeserializer.vanillaDeserialize(BeanDeserializer.java:310)
	at app//com.fasterxml.jackson.databind.deser.BeanDeserializer.deserialize(BeanDeserializer.java:177)
	at app//com.fasterxml.jackson.databind.deser.DefaultDeserializationContext.readRootValue(DefaultDeserializationContext.java:342)
	at app//com.fasterxml.jackson.databind.ObjectMapper._readMapAndClose(ObjectMapper.java:4905)
	at app//com.fasterxml.jackson.databind.ObjectMapper.readValue(ObjectMapper.java:3848)
	at app//com.fasterxml.jackson.databind.ObjectMapper.readValue(ObjectMapper.java:3816)
	at app//com.pollution.project.service.SiteCodeResolver.populateLocationData(SiteCodeResolver.java:290)
	at app//com.pollution.project.service.SiteCodeResolver.populateLocationData(SiteCodeResolver.java:266)
	at app//com.pollution.project.service.SiteCodeResolverTest.testPopulateLocationData_ValidResponse(SiteCodeResolverTest.java:593)
	at java.base@21.0.5/java.lang.reflect.Method.invoke(Method.java:580)
	at java.base@21.0.5/java.util.ArrayList.forEach(ArrayList.java:1596)
	at java.base@21.0.5/java.util.ArrayList.forEach(ArrayList.java:1596)
</failure>
  </testcase>
  <testcase name="testCalculateSiteCode_NearestSiteReturned()" classname="com.pollution.project.service.SiteCodeResolverTest" time="0.003"/>
  <testcase name="testLookupSiteCode_EmptyInput()" classname="com.pollution.project.service.SiteCodeResolverTest" time="0.001"/>
  <testcase name="testPopulateLocationData_ReturnNull()" classname="com.pollution.project.service.SiteCodeResolverTest" time="0.002"/>
  <testcase name="testAssignSiteCode_InputMatchesSite()" classname="com.pollution.project.service.SiteCodeResolverTest" time="0.001"/>
  <testcase name="testLookupSiteCode_SpecialCharacters()" classname="com.pollution.project.service.SiteCodeResolverTest" time="0.001"/>
  <testcase name="testLookupSiteCode_SuggestionUsed()" classname="com.pollution.project.service.SiteCodeResolverTest" time="0.001"/>
  <system-out><![CDATA[23:56:40.146 [Test worker] INFO com.pollution.project.service.SiteCodeResolverTest -- Created MonitoringSite: com.pollution.dto.MonitoringSite@68f0f72c
23:56:40.149 [Test worker] INFO com.pollution.project.service.SiteCodeResolverTest -- Created MonitoringSite: com.pollution.dto.MonitoringSite@74fab04a
23:56:40.149 [Test worker] INFO com.pollution.project.service.SiteCodeResolverTest -- New MonitoringSites array: [com.pollution.dto.MonitoringSite@68f0f72c, com.pollution.dto.MonitoringSite@74fab04a]
23:56:40.149 [Test worker] INFO com.pollution.project.service.SiteCodeResolverTest -- MonitoringSiteResponse to be returned by mock: com.pollution.dto.MonitoringSiteResponse@3d7fb838
23:56:40.169 [Test worker] INFO com.pollution.project.service.SiteCodeResolver -- Raw API response for monitoring sites: {
    "Sites": {
        "Site":
        [
            {"@SiteName":"Site A","@SiteCode":"SA1"},
            {"@SiteName":"Site B","@SiteCode":"SB2"}
        ]
    }
}
...
23:56:40.254 [Test worker] INFO com.pollution.project.service.SiteCodeResolver -- Site trie refreshed successfully, with 2 sites.
23:56:40.254 [Test worker] INFO com.pollution.project.service.SiteCodeResolverTest -- Site trie after refresh: com.pollution.dto.Trie@2e32fc22
23:56:40.262 [Test worker] INFO com.pollution.project.service.SiteCodeResolverTest -- Testing assignSiteCode with location: Location{id=null, name='null', latitude=51.5, longitude=0.1, airQualityData=null}
23:56:40.265 [Test worker] INFO com.pollution.project.service.SiteCodeResolver -- Raw API response for monitoring sites: {
    "Sites": {
        "Site": []
    }
}
...
23:56:40.268 [Test worker] INFO com.pollution.project.service.SiteCodeResolver -- Starting populateLocationData for userInput: null, location before assignSiteCode: Location{id=null, name='null', latitude=51.5, longitude=0.1, airQualityData=null}
23:56:40.268 [Test worker] INFO com.pollution.project.service.SiteCodeResolver -- Raw API response for monitoring sites: {
    "Sites": {
        "Site": [
            {"@SiteName":"Site A","@SiteCode":"SA1"}
        ]
    }
}
...
23:56:40.269 [Test worker] INFO com.pollution.project.service.SiteCodeResolver -- calculateSiteCode: got 1 sites from API
23:56:40.276 [Test worker] INFO com.pollution.project.service.SiteCodeResolverTest -- Stubbed restTemplate to return empty response
23:56:40.276 [Test worker] INFO com.pollution.project.service.SiteCodeResolver -- Raw API response for monitoring sites: {
    "Sites": {
        "Site": null
    }
}
...
23:56:40.277 [Test worker] INFO com.pollution.project.service.SiteCodeResolverTest -- Nearest code calculated: null
23:56:40.287 [Test worker] INFO com.pollution.project.service.SiteCodeResolver -- Raw API response for monitoring sites: {
    "Sites": {
        "Site": [
            {"@SiteName":"Site One","@SiteCode":"S1"},
            {"@SiteName":"Site Two","@SiteCode":"S2"}
        ]
    }
}
...
23:56:40.288 [Test worker] INFO com.pollution.project.service.SiteCodeResolver -- Loaded 2 monitoring sites into trie.
23:56:40.314 [Test worker] INFO com.pollution.project.service.SiteCodeResolver -- Raw API response for monitoring sites: {
    "Sites": {
        "Site": [
            {"@SiteCode":"S2","@Latitude":"51.5","@Longitude":"0.1"}
        ]
    }
}
...
23:56:40.315 [Test worker] INFO com.pollution.project.service.SiteCodeResolver -- calculateSiteCode: got 1 sites from API
23:56:40.315 [Test worker] WARN com.pollution.project.service.SiteCodeResolver -- Skipping site S2 due to missing data
23:56:40.315 [Test worker] INFO com.pollution.project.service.SiteCodeResolver -- calculateSiteCode: nearest site code = null
23:56:40.318 [Test worker] INFO com.pollution.project.service.SiteCodeResolver -- Raw API response for monitoring sites: {
    "Sites": {
        "Site": []
    }
}
...
23:56:40.324 [Test worker] INFO com.pollution.project.service.SiteCodeResolver -- Raw API response for monitoring sites: {
    "Sites": {
        "Site": [
            {"@SiteName":"A","@SiteCode":"A","@Latitude":"not-a-number","@Longitude":"0.100"},
            {"@SiteName":"B","@SiteCode":"B","@Latitude":"51.500","@Longitude":"0.100"}
        ]
    }
}
...
23:56:40.326 [Test worker] INFO com.pollution.project.service.SiteCodeResolver -- calculateSiteCode: got 2 sites from API
23:56:40.326 [Test worker] WARN com.pollution.project.service.SiteCodeResolver -- Skipping site A due to invalid coords
23:56:40.326 [Test worker] INFO com.pollution.project.service.SiteCodeResolver -- calculateSiteCode: nearest site code = B
23:56:40.328 [Test worker] INFO com.pollution.project.service.SiteCodeResolver -- Starting populateLocationData for userInput: null, location before assignSiteCode: Location{id=null, name='null', latitude=51.5, longitude=0.1, airQualityData=null}
23:56:40.328 [Test worker] INFO com.pollution.project.service.SiteCodeResolver -- Raw API response for monitoring sites: {
    "Sites": {
        "Site": []
    }
}
...
23:56:40.329 [Test worker] INFO com.pollution.project.service.SiteCodeResolver -- After assignSiteCode, location: Location{id=null, name='null', latitude=51.5, longitude=0.1, airQualityData=null}
23:56:40.329 [Test worker] WARN com.pollution.project.service.SiteCodeResolver -- Site code is null after assignSiteCode, returning early
23:56:40.333 [Test worker] INFO com.pollution.project.service.SiteCodeResolver -- Raw API response for monitoring sites: {
    "Sites": {
        "Site": [
            {"@SiteName":"Site One","@SiteCode":"S1"},
            {"@SiteName":"Site Two","@SiteCode":"S2"}
        ]
    }
}
...
23:56:40.334 [Test worker] INFO com.pollution.project.service.SiteCodeResolver -- Loaded 2 monitoring sites into trie.
23:56:40.334 [Test worker] INFO com.pollution.project.service.SiteCodeResolverTest -- Retrieved Trie: com.pollution.dto.Trie@5b39a3e6
23:56:40.334 [Test worker] INFO com.pollution.project.service.SiteCodeResolverTest -- Result for 'Site One': S1
23:56:40.334 [Test worker] INFO com.pollution.project.service.SiteCodeResolverTest -- Result for 'Site Two': S2
23:56:40.336 [Test worker] INFO com.pollution.project.service.SiteCodeResolver -- Raw API response for monitoring sites: {
    "Sites": {
        "Site": [
            {"@SiteName":"Fresh Site","@SiteCode":"FS1"}
        ]
    }
}
...
23:56:40.337 [Test worker] INFO com.pollution.project.service.SiteCodeResolver -- Site trie refreshed successfully, with 1 sites.
23:56:40.339 [Test worker] ERROR com.pollution.project.service.SiteCodeResolver -- Error refreshing site trie: {}
org.springframework.web.client.RestClientException: API down
	at org.springframework.web.client.RestTemplate.getForEntity(RestTemplate.java:429)
	at com.pollution.project.service.SiteCodeResolver.refreshSiteTrie(SiteCodeResolver.java:129)
	at com.pollution.project.service.SiteCodeResolverTest.lambda$testRefreshSiteTrie_ApiThrowsException$0(SiteCodeResolverTest.java:327)
	at org.junit.jupiter.api.AssertDoesNotThrow.assertDoesNotThrow(AssertDoesNotThrow.java:49)
	at org.junit.jupiter.api.AssertDoesNotThrow.assertDoesNotThrow(AssertDoesNotThrow.java:36)
	at org.junit.jupiter.api.Assertions.assertDoesNotThrow(Assertions.java:3168)
	at com.pollution.project.service.SiteCodeResolverTest.testRefreshSiteTrie_ApiThrowsException(SiteCodeResolverTest.java:327)
	at java.base/jdk.internal.reflect.DirectMethodHandleAccessor.invoke(DirectMethodHandleAccessor.java:103)
	at java.base/java.lang.reflect.Method.invoke(Method.java:580)
	at org.junit.platform.commons.util.ReflectionUtils.invokeMethod(ReflectionUtils.java:728)
	at org.junit.jupiter.engine.execution.MethodInvocation.proceed(MethodInvocation.java:60)
	at org.junit.jupiter.engine.execution.InvocationInterceptorChain$ValidatingInvocation.proceed(InvocationInterceptorChain.java:131)
	at org.junit.jupiter.engine.extension.TimeoutExtension.intercept(TimeoutExtension.java:156)
	at org.junit.jupiter.engine.extension.TimeoutExtension.interceptTestableMethod(TimeoutExtension.java:147)
	at org.junit.jupiter.engine.extension.TimeoutExtension.interceptTestMethod(TimeoutExtension.java:86)
	at org.junit.jupiter.engine.execution.InterceptingExecutableInvoker$ReflectiveInterceptorCall.lambda$ofVoidMethod$0(InterceptingExecutableInvoker.java:103)
	at org.junit.jupiter.engine.execution.InterceptingExecutableInvoker.lambda$invoke$0(InterceptingExecutableInvoker.java:93)
	at org.junit.jupiter.engine.execution.InvocationInterceptorChain$InterceptedInvocation.proceed(InvocationInterceptorChain.java:106)
	at org.junit.jupiter.engine.execution.InvocationInterceptorChain.proceed(InvocationInterceptorChain.java:64)
	at org.junit.jupiter.engine.execution.InvocationInterceptorChain.chainAndInvoke(InvocationInterceptorChain.java:45)
	at org.junit.jupiter.engine.execution.InvocationInterceptorChain.invoke(InvocationInterceptorChain.java:37)
	at org.junit.jupiter.engine.execution.InterceptingExecutableInvoker.invoke(InterceptingExecutableInvoker.java:92)
	at org.junit.jupiter.engine.execution.InterceptingExecutableInvoker.invoke(InterceptingExecutableInvoker.java:86)
	at org.junit.jupiter.engine.descriptor.TestMethodTestDescriptor.lambda$invokeTestMethod$7(TestMethodTestDescriptor.java:218)
	at org.junit.platform.engine.support.hierarchical.ThrowableCollector.execute(ThrowableCollector.java:73)
	at org.junit.jupiter.engine.descriptor.TestMethodTestDescriptor.invokeTestMethod(TestMethodTestDescriptor.java:214)
	at org.junit.jupiter.engine.descriptor.TestMethodTestDescriptor.execute(TestMethodTestDescriptor.java:139)
	at org.junit.jupiter.engine.descriptor.TestMethodTestDescriptor.execute(TestMethodTestDescriptor.java:69)
	at org.junit.platform.engine.support.hierarchical.NodeTestTask.lambda$executeRecursively$6(NodeTestTask.java:151)
	at org.junit.platform.engine.support.hierarchical.ThrowableCollector.execute(ThrowableCollector.java:73)
	at org.junit.platform.engine.support.hierarchical.NodeTestTask.lambda$executeRecursively$8(NodeTestTask.java:141)
	at org.junit.platform.engine.support.hierarchical.Node.around(Node.java:137)
	at org.junit.platform.engine.support.hierarchical.NodeTestTask.lambda$executeRecursively$9(NodeTestTask.java:139)
	at org.junit.platform.engine.support.hierarchical.ThrowableCollector.execute(ThrowableCollector.java:73)
	at org.junit.platform.engine.support.hierarchical.NodeTestTask.executeRecursively(NodeTestTask.java:138)
	at org.junit.platform.engine.support.hierarchical.NodeTestTask.execute(NodeTestTask.java:95)
	at java.base/java.util.ArrayList.forEach(ArrayList.java:1596)
	at org.junit.platform.engine.support.hierarchical.SameThreadHierarchicalTestExecutorService.invokeAll(SameThreadHierarchicalTestExecutorService.java:41)
	at org.junit.platform.engine.support.hierarchical.NodeTestTask.lambda$executeRecursively$6(NodeTestTask.java:155)
	at org.junit.platform.engine.support.hierarchical.ThrowableCollector.execute(ThrowableCollector.java:73)
	at org.junit.platform.engine.support.hierarchical.NodeTestTask.lambda$executeRecursively$8(NodeTestTask.java:141)
	at org.junit.platform.engine.support.hierarchical.Node.around(Node.java:137)
	at org.junit.platform.engine.support.hierarchical.NodeTestTask.lambda$executeRecursively$9(NodeTestTask.java:139)
	at org.junit.platform.engine.support.hierarchical.ThrowableCollector.execute(ThrowableCollector.java:73)
	at org.junit.platform.engine.support.hierarchical.NodeTestTask.executeRecursively(NodeTestTask.java:138)
	at org.junit.platform.engine.support.hierarchical.NodeTestTask.execute(NodeTestTask.java:95)
	at java.base/java.util.ArrayList.forEach(ArrayList.java:1596)
	at org.junit.platform.engine.support.hierarchical.SameThreadHierarchicalTestExecutorService.invokeAll(SameThreadHierarchicalTestExecutorService.java:41)
	at org.junit.platform.engine.support.hierarchical.NodeTestTask.lambda$executeRecursively$6(NodeTestTask.java:155)
	at org.junit.platform.engine.support.hierarchical.ThrowableCollector.execute(ThrowableCollector.java:73)
	at org.junit.platform.engine.support.hierarchical.NodeTestTask.lambda$executeRecursively$8(NodeTestTask.java:141)
	at org.junit.platform.engine.support.hierarchical.Node.around(Node.java:137)
	at org.junit.platform.engine.support.hierarchical.NodeTestTask.lambda$executeRecursively$9(NodeTestTask.java:139)
	at org.junit.platform.engine.support.hierarchical.ThrowableCollector.execute(ThrowableCollector.java:73)
	at org.junit.platform.engine.support.hierarchical.NodeTestTask.executeRecursively(NodeTestTask.java:138)
	at org.junit.platform.engine.support.hierarchical.NodeTestTask.execute(NodeTestTask.java:95)
	at org.junit.platform.engine.support.hierarchical.SameThreadHierarchicalTestExecutorService.submit(SameThreadHierarchicalTestExecutorService.java:35)
	at org.junit.platform.engine.support.hierarchical.HierarchicalTestExecutor.execute(HierarchicalTestExecutor.java:57)
	at org.junit.platform.engine.support.hierarchical.HierarchicalTestEngine.execute(HierarchicalTestEngine.java:54)
	at org.junit.platform.launcher.core.EngineExecutionOrchestrator.execute(EngineExecutionOrchestrator.java:198)
	at org.junit.platform.launcher.core.EngineExecutionOrchestrator.execute(EngineExecutionOrchestrator.java:169)
	at org.junit.platform.launcher.core.EngineExecutionOrchestrator.execute(EngineExecutionOrchestrator.java:93)
	at org.junit.platform.launcher.core.EngineExecutionOrchestrator.lambda$execute$0(EngineExecutionOrchestrator.java:58)
	at org.junit.platform.launcher.core.EngineExecutionOrchestrator.withInterceptedStreams(EngineExecutionOrchestrator.java:141)
	at org.junit.platform.launcher.core.EngineExecutionOrchestrator.execute(EngineExecutionOrchestrator.java:57)
	at org.junit.platform.launcher.core.DefaultLauncher.execute(DefaultLauncher.java:103)
	at org.junit.platform.launcher.core.DefaultLauncher.execute(DefaultLauncher.java:85)
	at org.junit.platform.launcher.core.DelegatingLauncher.execute(DelegatingLauncher.java:47)
	at org.gradle.api.internal.tasks.testing.junitplatform.JUnitPlatformTestClassProcessor$CollectAllTestClassesExecutor.processAllTestClasses(JUnitPlatformTestClassProcessor.java:124)
	at org.gradle.api.internal.tasks.testing.junitplatform.JUnitPlatformTestClassProcessor$CollectAllTestClassesExecutor.access$000(JUnitPlatformTestClassProcessor.java:99)
	at org.gradle.api.internal.tasks.testing.junitplatform.JUnitPlatformTestClassProcessor.stop(JUnitPlatformTestClassProcessor.java:94)
	at org.gradle.api.internal.tasks.testing.SuiteTestClassProcessor.stop(SuiteTestClassProcessor.java:63)
	at java.base/jdk.internal.reflect.DirectMethodHandleAccessor.invoke(DirectMethodHandleAccessor.java:103)
	at java.base/java.lang.reflect.Method.invoke(Method.java:580)
	at org.gradle.internal.dispatch.ReflectionDispatch.dispatch(ReflectionDispatch.java:36)
	at org.gradle.internal.dispatch.ReflectionDispatch.dispatch(ReflectionDispatch.java:24)
	at org.gradle.internal.dispatch.ContextClassLoaderDispatch.dispatch(ContextClassLoaderDispatch.java:33)
	at org.gradle.internal.dispatch.ProxyDispatchAdapter$DispatchingInvocationHandler.invoke(ProxyDispatchAdapter.java:92)
	at jdk.proxy1/jdk.proxy1.$Proxy4.stop(Unknown Source)
	at org.gradle.api.internal.tasks.testing.worker.TestWorker$3.run(TestWorker.java:200)
	at org.gradle.api.internal.tasks.testing.worker.TestWorker.executeAndMaintainThreadName(TestWorker.java:132)
	at org.gradle.api.internal.tasks.testing.worker.TestWorker.execute(TestWorker.java:103)
	at org.gradle.api.internal.tasks.testing.worker.TestWorker.execute(TestWorker.java:63)
	at org.gradle.process.internal.worker.child.ActionExecutionWorker.execute(ActionExecutionWorker.java:56)
	at org.gradle.process.internal.worker.child.SystemApplicationClassLoaderWorker.call(SystemApplicationClassLoaderWorker.java:122)
	at org.gradle.process.internal.worker.child.SystemApplicationClassLoaderWorker.call(SystemApplicationClassLoaderWorker.java:72)
	at worker.org.gradle.process.internal.worker.GradleWorkerMain.run(GradleWorkerMain.java:69)
	at worker.org.gradle.process.internal.worker.GradleWorkerMain.main(GradleWorkerMain.java:74)
23:56:40.340 [Test worker] ERROR com.pollution.project.service.SiteCodeResolver -- Error fetching monitoring sites: API down
23:56:40.346 [Test worker] INFO com.pollution.project.service.SiteCodeResolver -- Starting populateLocationData for userInput: Dummy Location, location before assignSiteCode: Location{id=1, name='Dummy Location', latitude=51.0, longitude=0.0, airQualityData=null}
23:56:40.346 [Test worker] INFO com.pollution.project.service.SiteCodeResolver -- After assignSiteCode, location: Location{id=1, name='Dummy Location', latitude=51.0, longitude=0.0, airQualityData=null}
23:56:40.346 [Test worker] INFO com.pollution.project.service.SiteCodeResolver -- Fetching air quality data from URL: https://api.erg.ic.ac.uk/AirQuality/Hourly/MonitoringIndex/SiteCode=DUMMY1/Json
23:56:40.346 [Test worker] INFO com.pollution.project.service.SiteCodeResolver -- Raw API response for siteCode DUMMY1: {
    "HourlyAirQualityIndex": {
        "LocalAuthority": {
            "LocalAuthorityName": "Dummy Authority",
            "LocalAuthorityCode": "99",
            "Latitude": "51.000",
            "Longitude": "0.000",
            "Site": {
                "@Latitude": "51.000",
                "@Longitude": "0.000",
                "@SiteCode": "DUMMY1",
                "@SiteName": "Dummy Location",
                "@BulletinDate": "2025-09-10 12:00:00",
                "Species": [
                    {"@Code":"PM25","@Name":"PM25","@Index":"N/A","@Band":"Moderate","@Method":"Automated"}
                ]
            }
        }
    }
}

23:56:40.361 [Test worker] INFO com.pollution.project.service.SiteCodeResolver -- Starting populateLocationData for userInput: Dummy Location, location before assignSiteCode: Location{id=1, name='Dummy Location', latitude=51.0, longitude=0.0, airQualityData=null}
23:56:40.361 [Test worker] INFO com.pollution.project.service.SiteCodeResolver -- After assignSiteCode, location: Location{id=1, name='Dummy Location', latitude=51.0, longitude=0.0, airQualityData=null}
23:56:40.361 [Test worker] INFO com.pollution.project.service.SiteCodeResolver -- Fetching air quality data from URL: https://api.erg.ic.ac.uk/AirQuality/Hourly/MonitoringIndex/SiteCode=DUMMY1/Json
23:56:40.361 [Test worker] INFO com.pollution.project.service.SiteCodeResolver -- Raw API response for siteCode DUMMY1: {
    "HourlyAirQualityIndex": {
        "LocalAuthority": {
            "LocalAuthorityName": "Dummy Authority",
            "LocalAuthorityCode": "99",
            "Latitude": "51.000",
            "Longitude": "0.000",
            "Site": {
                "@Latitude": "51.000",
                "@Longitude": "0.000",
                "@SiteCode": "DUMMY1",
                "@SiteName": "Dummy Location",
                "@BulletinDate": "2025-09-10 12:00:00",
                "Species": [
                    {"@Code":"PM25","@Name":"PM25","@Index":"5","@Band":"Moderate","@Method":"Automated"},
                    {"@Code":"NO2","@Name":"NO2","@Index":"3","@Band":"Low","@Method":"Automated"}
                ]
            }
        }
    }
}

23:56:40.366 [Test worker] INFO com.pollution.project.service.SiteCodeResolver -- Raw API response for monitoring sites: {
    "Sites": {
        "Site": [
            {"@SiteName":"A","@Latitude":"51.500","@Longitude":"0.100","@SiteCode":"A"},
            {"@SiteName":"B","@Latitude":"52.000","@Longitude":"0.200","@SiteCode":"B"}
        ]
    }
}
...
23:56:40.367 [Test worker] INFO com.pollution.project.service.SiteCodeResolver -- calculateSiteCode: got 2 sites from API
23:56:40.367 [Test worker] INFO com.pollution.project.service.SiteCodeResolver -- calculateSiteCode: nearest site code = A
23:56:40.370 [Test worker] INFO com.pollution.project.service.SiteCodeResolver -- Starting populateLocationData for userInput: Dummy Location, location before assignSiteCode: Location{id=null, name='Dummy Location', latitude=51.0, longitude=0.0, airQualityData=null}
23:56:40.371 [Test worker] INFO com.pollution.project.service.SiteCodeResolver -- After assignSiteCode, location: Location{id=null, name='Dummy Location', latitude=51.0, longitude=0.0, airQualityData=null}
23:56:40.371 [Test worker] WARN com.pollution.project.service.SiteCodeResolver -- Site code is null after assignSiteCode, returning early
23:56:40.374 [Test worker] INFO com.pollution.project.service.SiteCodeResolverTest -- Inserted 'Bexley West' with code 'BQ8' into trie.
]]></system-out>
  <system-err><![CDATA[WARNING: A Java agent has been loaded dynamically (/Users/narainusesamacbook/.gradle/caches/modules-2/files-2.1/net.bytebuddy/byte-buddy-agent/1.14.19/154da3a65b4f4a909d3e5bdec55d1b2b4cbb6ce1/byte-buddy-agent-1.14.19.jar)
WARNING: If a serviceability tool is in use, please run with -XX:+EnableDynamicAgentLoading to hide this warning
WARNING: If a serviceability tool is not in use, please run with -Djdk.instrument.traceUsage for more information
WARNING: Dynamic loading of agents will be disallowed by default in a future release
]]></system-err>
</testsuite>
