<?xml version="1.0" encoding="UTF-8"?>
<testsuite name="com.pollution.project.service.SiteCodeResolverTest" tests="34" skipped="0" failures="15" errors="0" timestamp="2025-09-14T22:00:27.139Z" hostname="Narains-Laptop.local" time="0.791">
  <properties/>
  <testcase name="testGetIndex_SpeciesNotFound()" classname="com.pollution.project.service.SiteCodeResolverTest" time="0.657"/>
  <testcase name="testLookupSiteCode_TrimInput()" classname="com.pollution.project.service.SiteCodeResolverTest" time="0.003"/>
  <testcase name="testGetIndex_ValidSpecies()" classname="com.pollution.project.service.SiteCodeResolverTest" time="0.002"/>
  <testcase name="testRefreshSiteTrie_SuccessfulUpdate()" classname="com.pollution.project.service.SiteCodeResolverTest" time="0.026">
    <failure message="java.lang.NullPointerException: Cannot invoke &quot;org.springframework.http.ResponseEntity.getBody()&quot; because &quot;response&quot; is null" type="java.lang.NullPointerException">java.lang.NullPointerException: Cannot invoke &quot;org.springframework.http.ResponseEntity.getBody()&quot; because &quot;response&quot; is null
	at com.pollution.project.service.SiteCodeResolver.refreshSiteTrie(SiteCodeResolver.java:130)
	at com.pollution.project.service.SiteCodeResolverTest.testRefreshSiteTrie_SuccessfulUpdate(SiteCodeResolverTest.java:268)
	at java.base/java.lang.reflect.Method.invoke(Method.java:580)
	at java.base/java.util.ArrayList.forEach(ArrayList.java:1596)
	at java.base/java.util.ArrayList.forEach(ArrayList.java:1596)
</failure>
  </testcase>
  <testcase name="testGetIndex_InvalidIndexValue()" classname="com.pollution.project.service.SiteCodeResolverTest" time="0.002"/>
  <testcase name="testLookupSiteCode_SubstringNotPrefix()" classname="com.pollution.project.service.SiteCodeResolverTest" time="0.002"/>
  <testcase name="testAssignSiteCode_BothFail()" classname="com.pollution.project.service.SiteCodeResolverTest" time="0.003">
    <failure message="java.lang.NullPointerException: Cannot invoke &quot;org.springframework.http.ResponseEntity.getBody()&quot; because &quot;responseEntity&quot; is null" type="java.lang.NullPointerException">java.lang.NullPointerException: Cannot invoke &quot;org.springframework.http.ResponseEntity.getBody()&quot; because &quot;responseEntity&quot; is null
	at com.pollution.project.service.SiteCodeResolver.calculateSiteCode(SiteCodeResolver.java:167)
	at com.pollution.project.service.SiteCodeResolver.assignSiteCode(SiteCodeResolver.java:247)
	at com.pollution.project.service.SiteCodeResolverTest.testAssignSiteCode_BothFail(SiteCodeResolverTest.java:451)
	at java.base/java.lang.reflect.Method.invoke(Method.java:580)
	at java.base/java.util.ArrayList.forEach(ArrayList.java:1596)
	at java.base/java.util.ArrayList.forEach(ArrayList.java:1596)
</failure>
  </testcase>
  <testcase name="testRefreshLocationData_SnapshotSaved()" classname="com.pollution.project.service.SiteCodeResolverTest" time="0.006">
    <failure message="java.lang.NullPointerException: Cannot invoke &quot;org.springframework.http.ResponseEntity.getBody()&quot; because &quot;responseEntity&quot; is null" type="java.lang.NullPointerException">java.lang.NullPointerException: Cannot invoke &quot;org.springframework.http.ResponseEntity.getBody()&quot; because &quot;responseEntity&quot; is null
	at com.pollution.project.service.SiteCodeResolver.calculateSiteCode(SiteCodeResolver.java:167)
	at com.pollution.project.service.SiteCodeResolver.assignSiteCode(SiteCodeResolver.java:247)
	at com.pollution.project.service.SiteCodeResolver.populateLocationData(SiteCodeResolver.java:269)
	at com.pollution.project.service.SiteCodeResolver.refreshLocationData(SiteCodeResolver.java:349)
	at com.pollution.project.service.SiteCodeResolverTest.testRefreshLocationData_SnapshotSaved(SiteCodeResolverTest.java:583)
	at java.base/java.lang.reflect.Method.invoke(Method.java:580)
	at java.base/java.util.ArrayList.forEach(ArrayList.java:1596)
	at java.base/java.util.ArrayList.forEach(ArrayList.java:1596)
</failure>
  </testcase>
  <testcase name="testCalculateSiteCode_NoSitesReturned()" classname="com.pollution.project.service.SiteCodeResolverTest" time="0.002">
    <failure message="java.lang.NullPointerException: Cannot invoke &quot;org.springframework.http.ResponseEntity.getBody()&quot; because &quot;responseEntity&quot; is null" type="java.lang.NullPointerException">java.lang.NullPointerException: Cannot invoke &quot;org.springframework.http.ResponseEntity.getBody()&quot; because &quot;responseEntity&quot; is null
	at com.pollution.project.service.SiteCodeResolver.calculateSiteCode(SiteCodeResolver.java:167)
	at com.pollution.project.service.SiteCodeResolverTest.testCalculateSiteCode_NoSitesReturned(SiteCodeResolverTest.java:375)
	at java.base/java.lang.reflect.Method.invoke(Method.java:580)
	at java.base/java.util.ArrayList.forEach(ArrayList.java:1596)
	at java.base/java.util.ArrayList.forEach(ArrayList.java:1596)
</failure>
  </testcase>
  <testcase name="testLookupSiteCode_SuggestionWithoutSiteCode()" classname="com.pollution.project.service.SiteCodeResolverTest" time="0.003"/>
  <testcase name="testGetSiteTrie_SubsequentCallsReturnSameInstance()" classname="com.pollution.project.service.SiteCodeResolverTest" time="0.01">
    <failure message="java.lang.NullPointerException: Cannot invoke &quot;org.springframework.http.ResponseEntity.getBody()&quot; because &quot;response&quot; is null" type="java.lang.NullPointerException">java.lang.NullPointerException: Cannot invoke &quot;org.springframework.http.ResponseEntity.getBody()&quot; because &quot;response&quot; is null
	at com.pollution.project.service.SiteCodeResolver.getSiteTrie(SiteCodeResolver.java:83)
	at com.pollution.project.service.SiteCodeResolverTest.testGetSiteTrie_SubsequentCallsReturnSameInstance(SiteCodeResolverTest.java:232)
	at java.base/java.lang.reflect.Method.invoke(Method.java:580)
	at java.base/java.util.ArrayList.forEach(ArrayList.java:1596)
	at java.base/java.util.ArrayList.forEach(ArrayList.java:1596)
</failure>
  </testcase>
  <testcase name="testAssignSiteCode_FallbackToCalculate()" classname="com.pollution.project.service.SiteCodeResolverTest" time="0.026">
    <failure message="java.lang.NullPointerException: Cannot invoke &quot;org.springframework.http.ResponseEntity.getBody()&quot; because &quot;responseEntity&quot; is null" type="java.lang.NullPointerException">java.lang.NullPointerException: Cannot invoke &quot;org.springframework.http.ResponseEntity.getBody()&quot; because &quot;responseEntity&quot; is null
	at com.pollution.project.service.SiteCodeResolver.calculateSiteCode(SiteCodeResolver.java:167)
	at com.pollution.project.service.SiteCodeResolver.calculateSiteCode(SiteCodeResolver.java:164)
	at com.pollution.project.service.SiteCodeResolver.assignSiteCode(SiteCodeResolver.java:247)
	at com.pollution.project.service.SiteCodeResolver.assignSiteCode(SiteCodeResolver.java:245)
	at com.pollution.project.service.SiteCodeResolverTest.testAssignSiteCode_FallbackToCalculate(SiteCodeResolverTest.java:433)
	at java.base/java.lang.reflect.Method.invoke(Method.java:580)
	at java.base/java.util.ArrayList.forEach(ArrayList.java:1596)
	at java.base/java.util.ArrayList.forEach(ArrayList.java:1596)
</failure>
  </testcase>
  <testcase name="testCalculateSiteCode_EmptySitesArray()" classname="com.pollution.project.service.SiteCodeResolverTest" time="0.002">
    <failure message="java.lang.NullPointerException: Cannot invoke &quot;org.springframework.http.ResponseEntity.getBody()&quot; because &quot;responseEntity&quot; is null" type="java.lang.NullPointerException">java.lang.NullPointerException: Cannot invoke &quot;org.springframework.http.ResponseEntity.getBody()&quot; because &quot;responseEntity&quot; is null
	at com.pollution.project.service.SiteCodeResolver.calculateSiteCode(SiteCodeResolver.java:167)
	at com.pollution.project.service.SiteCodeResolverTest.testCalculateSiteCode_EmptySitesArray(SiteCodeResolverTest.java:390)
	at java.base/java.lang.reflect.Method.invoke(Method.java:580)
	at java.base/java.util.ArrayList.forEach(ArrayList.java:1596)
	at java.base/java.util.ArrayList.forEach(ArrayList.java:1596)
</failure>
  </testcase>
  <testcase name="testLookupSiteCode_NullInput()" classname="com.pollution.project.service.SiteCodeResolverTest" time="0.001"/>
  <testcase name="testLookupSiteCode_ExactMatch()" classname="com.pollution.project.service.SiteCodeResolverTest" time="0.001"/>
  <testcase name="testLookupSiteCode_MultipleSuggestions()" classname="com.pollution.project.service.SiteCodeResolverTest" time="0.001"/>
  <testcase name="testCalculateSiteCode_InvalidCoordinatesSkipped()" classname="com.pollution.project.service.SiteCodeResolverTest" time="0.002">
    <failure message="java.lang.NullPointerException: Cannot invoke &quot;org.springframework.http.ResponseEntity.getBody()&quot; because &quot;responseEntity&quot; is null" type="java.lang.NullPointerException">java.lang.NullPointerException: Cannot invoke &quot;org.springframework.http.ResponseEntity.getBody()&quot; because &quot;responseEntity&quot; is null
	at com.pollution.project.service.SiteCodeResolver.calculateSiteCode(SiteCodeResolver.java:167)
	at com.pollution.project.service.SiteCodeResolverTest.testCalculateSiteCode_InvalidCoordinatesSkipped(SiteCodeResolverTest.java:357)
	at java.base/java.lang.reflect.Method.invoke(Method.java:580)
	at java.base/java.util.ArrayList.forEach(ArrayList.java:1596)
	at java.base/java.util.ArrayList.forEach(ArrayList.java:1596)
</failure>
  </testcase>
  <testcase name="testRefreshLocationData_NoAirQualityData()" classname="com.pollution.project.service.SiteCodeResolverTest" time="0.003">
    <failure message="java.lang.NullPointerException: Cannot invoke &quot;org.springframework.http.ResponseEntity.getBody()&quot; because &quot;responseEntity&quot; is null" type="java.lang.NullPointerException">java.lang.NullPointerException: Cannot invoke &quot;org.springframework.http.ResponseEntity.getBody()&quot; because &quot;responseEntity&quot; is null
	at com.pollution.project.service.SiteCodeResolver.calculateSiteCode(SiteCodeResolver.java:167)
	at com.pollution.project.service.SiteCodeResolver.assignSiteCode(SiteCodeResolver.java:247)
	at com.pollution.project.service.SiteCodeResolver.populateLocationData(SiteCodeResolver.java:269)
	at com.pollution.project.service.SiteCodeResolver.refreshLocationData(SiteCodeResolver.java:349)
	at com.pollution.project.service.SiteCodeResolverTest.testRefreshLocationData_NoAirQualityData(SiteCodeResolverTest.java:606)
	at java.base/java.lang.reflect.Method.invoke(Method.java:580)
	at java.base/java.util.ArrayList.forEach(ArrayList.java:1596)
	at java.base/java.util.ArrayList.forEach(ArrayList.java:1596)
</failure>
  </testcase>
  <testcase name="testLookupSiteCode_NotFound()" classname="com.pollution.project.service.SiteCodeResolverTest" time="0.001"/>
  <testcase name="testLookupSiteCode_CaseInsensitive()" classname="com.pollution.project.service.SiteCodeResolverTest" time="0.001"/>
  <testcase name="testGetSiteTrie_FirstCallPopulatesTrie()" classname="com.pollution.project.service.SiteCodeResolverTest" time="0.002">
    <failure message="java.lang.NullPointerException: Cannot invoke &quot;org.springframework.http.ResponseEntity.getBody()&quot; because &quot;response&quot; is null" type="java.lang.NullPointerException">java.lang.NullPointerException: Cannot invoke &quot;org.springframework.http.ResponseEntity.getBody()&quot; because &quot;response&quot; is null
	at com.pollution.project.service.SiteCodeResolver.getSiteTrie(SiteCodeResolver.java:83)
	at com.pollution.project.service.SiteCodeResolverTest.testGetSiteTrie_FirstCallPopulatesTrie(SiteCodeResolverTest.java:212)
	at java.base/java.lang.reflect.Method.invoke(Method.java:580)
	at java.base/java.util.ArrayList.forEach(ArrayList.java:1596)
	at java.base/java.util.ArrayList.forEach(ArrayList.java:1596)
</failure>
  </testcase>
  <testcase name="testRefreshSiteTrie_ReplacesOldTrie()" classname="com.pollution.project.service.SiteCodeResolverTest" time="0.001">
    <failure message="java.lang.NullPointerException: Cannot invoke &quot;org.springframework.http.ResponseEntity.getBody()&quot; because &quot;response&quot; is null" type="java.lang.NullPointerException">java.lang.NullPointerException: Cannot invoke &quot;org.springframework.http.ResponseEntity.getBody()&quot; because &quot;response&quot; is null
	at com.pollution.project.service.SiteCodeResolver.refreshSiteTrie(SiteCodeResolver.java:130)
	at com.pollution.project.service.SiteCodeResolverTest.testRefreshSiteTrie_ReplacesOldTrie(SiteCodeResolverTest.java:312)
	at java.base/java.lang.reflect.Method.invoke(Method.java:580)
	at java.base/java.util.ArrayList.forEach(ArrayList.java:1596)
	at java.base/java.util.ArrayList.forEach(ArrayList.java:1596)
</failure>
  </testcase>
  <testcase name="testRefreshSiteTrie_ApiThrowsException()" classname="com.pollution.project.service.SiteCodeResolverTest" time="0.003">
    <failure message="org.opentest4j.AssertionFailedError: Unexpected exception thrown: java.lang.NullPointerException: Cannot invoke &quot;org.springframework.http.ResponseEntity.getBody()&quot; because &quot;response&quot; is null" type="org.opentest4j.AssertionFailedError">org.opentest4j.AssertionFailedError: Unexpected exception thrown: java.lang.NullPointerException: Cannot invoke &quot;org.springframework.http.ResponseEntity.getBody()&quot; because &quot;response&quot; is null
	at app//org.junit.jupiter.api.AssertionFailureBuilder.build(AssertionFailureBuilder.java:152)
	at app//org.junit.jupiter.api.AssertDoesNotThrow.createAssertionFailedError(AssertDoesNotThrow.java:84)
	at app//org.junit.jupiter.api.AssertDoesNotThrow.assertDoesNotThrow(AssertDoesNotThrow.java:53)
	at app//org.junit.jupiter.api.AssertDoesNotThrow.assertDoesNotThrow(AssertDoesNotThrow.java:36)
	at app//org.junit.jupiter.api.Assertions.assertDoesNotThrow(Assertions.java:3168)
	at app//com.pollution.project.service.SiteCodeResolverTest.testRefreshSiteTrie_ApiThrowsException(SiteCodeResolverTest.java:286)
	at java.base@21.0.5/java.lang.reflect.Method.invoke(Method.java:580)
	at java.base@21.0.5/java.util.ArrayList.forEach(ArrayList.java:1596)
	at java.base@21.0.5/java.util.ArrayList.forEach(ArrayList.java:1596)
Caused by: java.lang.NullPointerException: Cannot invoke &quot;org.springframework.http.ResponseEntity.getBody()&quot; because &quot;response&quot; is null
	at com.pollution.project.service.SiteCodeResolver.refreshSiteTrie(SiteCodeResolver.java:130)
	at com.pollution.project.service.SiteCodeResolverTest.lambda$testRefreshSiteTrie_ApiThrowsException$0(SiteCodeResolverTest.java:286)
	at org.junit.jupiter.api.AssertDoesNotThrow.assertDoesNotThrow(AssertDoesNotThrow.java:49)
	... 6 more
</failure>
  </testcase>
  <testcase name="testGetSiteCode_Found()" classname="com.pollution.project.service.SiteCodeResolverTest" time="0.001"/>
  <testcase name="testGetSiteCode_NotFound()" classname="com.pollution.project.service.SiteCodeResolverTest" time="0.0"/>
  <testcase name="testPopulateLocationData_InvalidIndex()" classname="com.pollution.project.service.SiteCodeResolverTest" time="0.003">
    <failure message="java.lang.NullPointerException: Cannot invoke &quot;org.springframework.http.ResponseEntity.getBody()&quot; because &quot;responseEntity&quot; is null" type="java.lang.NullPointerException">java.lang.NullPointerException: Cannot invoke &quot;org.springframework.http.ResponseEntity.getBody()&quot; because &quot;responseEntity&quot; is null
	at com.pollution.project.service.SiteCodeResolver.populateLocationData(SiteCodeResolver.java:284)
	at com.pollution.project.service.SiteCodeResolver.populateLocationData(SiteCodeResolver.java:266)
	at com.pollution.project.service.SiteCodeResolverTest.testPopulateLocationData_InvalidIndex(SiteCodeResolverTest.java:553)
	at java.base/java.lang.reflect.Method.invoke(Method.java:580)
	at java.base/java.util.ArrayList.forEach(ArrayList.java:1596)
	at java.base/java.util.ArrayList.forEach(ArrayList.java:1596)
</failure>
  </testcase>
  <testcase name="getSiteTrie_ShouldReturnNonNullTrie()" classname="com.pollution.project.service.SiteCodeResolverTest" time="0.001"/>
  <testcase name="testPopulateLocationData_ValidResponse()" classname="com.pollution.project.service.SiteCodeResolverTest" time="0.002">
    <failure message="java.lang.NullPointerException: Cannot invoke &quot;org.springframework.http.ResponseEntity.getBody()&quot; because &quot;responseEntity&quot; is null" type="java.lang.NullPointerException">java.lang.NullPointerException: Cannot invoke &quot;org.springframework.http.ResponseEntity.getBody()&quot; because &quot;responseEntity&quot; is null
	at com.pollution.project.service.SiteCodeResolver.populateLocationData(SiteCodeResolver.java:284)
	at com.pollution.project.service.SiteCodeResolver.populateLocationData(SiteCodeResolver.java:266)
	at com.pollution.project.service.SiteCodeResolverTest.testPopulateLocationData_ValidResponse(SiteCodeResolverTest.java:488)
	at java.base/java.lang.reflect.Method.invoke(Method.java:580)
	at java.base/java.util.ArrayList.forEach(ArrayList.java:1596)
	at java.base/java.util.ArrayList.forEach(ArrayList.java:1596)
</failure>
  </testcase>
  <testcase name="testCalculateSiteCode_NearestSiteReturned()" classname="com.pollution.project.service.SiteCodeResolverTest" time="0.001">
    <failure message="java.lang.NullPointerException: Cannot invoke &quot;org.springframework.http.ResponseEntity.getBody()&quot; because &quot;responseEntity&quot; is null" type="java.lang.NullPointerException">java.lang.NullPointerException: Cannot invoke &quot;org.springframework.http.ResponseEntity.getBody()&quot; because &quot;responseEntity&quot; is null
	at com.pollution.project.service.SiteCodeResolver.calculateSiteCode(SiteCodeResolver.java:167)
	at com.pollution.project.service.SiteCodeResolverTest.testCalculateSiteCode_NearestSiteReturned(SiteCodeResolverTest.java:337)
	at java.base/java.lang.reflect.Method.invoke(Method.java:580)
	at java.base/java.util.ArrayList.forEach(ArrayList.java:1596)
	at java.base/java.util.ArrayList.forEach(ArrayList.java:1596)
</failure>
  </testcase>
  <testcase name="testLookupSiteCode_EmptyInput()" classname="com.pollution.project.service.SiteCodeResolverTest" time="0.001"/>
  <testcase name="testPopulateLocationData_ReturnNull()" classname="com.pollution.project.service.SiteCodeResolverTest" time="0.001"/>
  <testcase name="testAssignSiteCode_InputMatchesSite()" classname="com.pollution.project.service.SiteCodeResolverTest" time="0.001"/>
  <testcase name="testLookupSiteCode_SpecialCharacters()" classname="com.pollution.project.service.SiteCodeResolverTest" time="0.0"/>
  <testcase name="testLookupSiteCode_SuggestionUsed()" classname="com.pollution.project.service.SiteCodeResolverTest" time="0.001"/>
  <system-out><![CDATA[23:00:27.808 [Test worker] INFO com.pollution.project.service.SiteCodeResolverTest -- Created MonitoringSite: com.pollution.dto.MonitoringSite@75de6341
23:00:27.811 [Test worker] INFO com.pollution.project.service.SiteCodeResolverTest -- Created MonitoringSite: com.pollution.dto.MonitoringSite@439b15f2
23:00:27.811 [Test worker] INFO com.pollution.project.service.SiteCodeResolverTest -- New MonitoringSites array: [com.pollution.dto.MonitoringSite@75de6341, com.pollution.dto.MonitoringSite@439b15f2]
23:00:27.811 [Test worker] INFO com.pollution.project.service.SiteCodeResolverTest -- MonitoringSiteResponse to be returned by mock: com.pollution.dto.MonitoringSiteResponse@3c83468e
23:00:27.843 [Test worker] INFO com.pollution.project.service.SiteCodeResolver -- Starting populateLocationData for userInput: null, location before assignSiteCode: Location{id=null, name='null', latitude=51.5, longitude=0.1, airQualityData=AirQualityData{pm25=1.0, pm10=2.0, no2=3.0, so2=4.0, o3=5.0, co=6.0, timestamp=2025-09-14T23:00:27.843870}}
23:00:27.849 [Test worker] INFO com.pollution.project.service.SiteCodeResolverTest -- Empty response monitoring sites: {}
23:00:27.849 [Test worker] INFO com.pollution.project.service.SiteCodeResolverTest -- Stubbed restTemplate to return empty response
23:00:27.901 [Test worker] INFO com.pollution.project.service.SiteCodeResolver -- Starting populateLocationData for userInput: null, location before assignSiteCode: Location{id=null, name='null', latitude=51.5, longitude=0.1, airQualityData=null}
23:00:27.917 [Test worker] INFO com.pollution.project.service.SiteCodeResolver -- Starting populateLocationData for userInput: Dummy Location, location before assignSiteCode: Location{id=1, name='Dummy Location', latitude=51.0, longitude=0.0, airQualityData=null}
23:00:27.917 [Test worker] INFO com.pollution.project.service.SiteCodeResolver -- After assignSiteCode, location: Location{id=1, name='Dummy Location', latitude=51.0, longitude=0.0, airQualityData=null}
23:00:27.917 [Test worker] INFO com.pollution.project.service.SiteCodeResolver -- Fetching air quality data from URL: https://api.erg.ic.ac.uk/AirQuality/Hourly/MonitoringIndex/SiteCode=DUMMY1/Json
23:00:27.921 [Test worker] INFO com.pollution.project.service.SiteCodeResolver -- Starting populateLocationData for userInput: Dummy Location, location before assignSiteCode: Location{id=1, name='Dummy Location', latitude=51.0, longitude=0.0, airQualityData=null}
23:00:27.921 [Test worker] INFO com.pollution.project.service.SiteCodeResolver -- After assignSiteCode, location: Location{id=1, name='Dummy Location', latitude=51.0, longitude=0.0, airQualityData=null}
23:00:27.921 [Test worker] INFO com.pollution.project.service.SiteCodeResolver -- Fetching air quality data from URL: https://api.erg.ic.ac.uk/AirQuality/Hourly/MonitoringIndex/SiteCode=DUMMY1/Json
23:00:27.926 [Test worker] INFO com.pollution.project.service.SiteCodeResolver -- Starting populateLocationData for userInput: Dummy Location, location before assignSiteCode: Location{id=null, name='Dummy Location', latitude=51.0, longitude=0.0, airQualityData=null}
23:00:27.926 [Test worker] INFO com.pollution.project.service.SiteCodeResolver -- After assignSiteCode, location: Location{id=null, name='Dummy Location', latitude=51.0, longitude=0.0, airQualityData=null}
23:00:27.926 [Test worker] WARN com.pollution.project.service.SiteCodeResolver -- Site code is null after assignSiteCode, returning early
23:00:27.930 [Test worker] INFO com.pollution.project.service.SiteCodeResolverTest -- Inserted 'Bexley West' with code 'BQ8' into trie.
]]></system-out>
  <system-err><![CDATA[WARNING: A Java agent has been loaded dynamically (/Users/narainusesamacbook/.gradle/caches/modules-2/files-2.1/net.bytebuddy/byte-buddy-agent/1.14.19/154da3a65b4f4a909d3e5bdec55d1b2b4cbb6ce1/byte-buddy-agent-1.14.19.jar)
WARNING: If a serviceability tool is in use, please run with -XX:+EnableDynamicAgentLoading to hide this warning
WARNING: If a serviceability tool is not in use, please run with -Djdk.instrument.traceUsage for more information
WARNING: Dynamic loading of agents will be disallowed by default in a future release
]]></system-err>
</testsuite>
